{"C:\\Users\\admin\\Documents\\Latihan-Coding\\Hacktiv8\\phase2\\Individual Project\\IP-RMT60\\server\\app.js": {"path":"C:\\Users\\admin\\Documents\\Latihan-Coding\\Hacktiv8\\phase2\\Individual Project\\IP-RMT60\\server\\app.js","statementMap":{"0":{"start":{"line":1,"column":0},"end":{"line":3,"column":1}},"1":{"start":{"line":2,"column":2},"end":{"line":2,"column":29}},"2":{"start":{"line":5,"column":16},"end":{"line":5,"column":34}},"3":{"start":{"line":6,"column":12},"end":{"line":6,"column":21}},"4":{"start":{"line":7,"column":13},"end":{"line":7,"column":37}},"5":{"start":{"line":8,"column":13},"end":{"line":8,"column":28}},"6":{"start":{"line":9,"column":15},"end":{"line":9,"column":34}},"7":{"start":{"line":10,"column":21},"end":{"line":10,"column":58}},"8":{"start":{"line":13,"column":20},"end":{"line":18,"column":1}},"9":{"start":{"line":20,"column":0},"end":{"line":20,"column":16}},"10":{"start":{"line":22,"column":0},"end":{"line":22,"column":49}},"11":{"start":{"line":23,"column":0},"end":{"line":23,"column":24}},"12":{"start":{"line":25,"column":0},"end":{"line":27,"column":3}},"13":{"start":{"line":26,"column":2},"end":{"line":26,"column":44}},"14":{"start":{"line":30,"column":0},"end":{"line":30,"column":24}},"15":{"start":{"line":33,"column":0},"end":{"line":33,"column":22}},"16":{"start":{"line":36,"column":0},"end":{"line":39,"column":3}},"17":{"start":{"line":37,"column":22},"end":{"line":37,"column":96}},"18":{"start":{"line":38,"column":2},"end":{"line":38,"column":12}},"19":{"start":{"line":42,"column":0},"end":{"line":46,"column":1}},"20":{"start":{"line":43,"column":2},"end":{"line":45,"column":5}},"21":{"start":{"line":44,"column":24},"end":{"line":44,"column":131}},"22":{"start":{"line":48,"column":0},"end":{"line":48,"column":21}},"23":{"start":{"line":55,"column":85},"end":{"line":55,"column":40220}},"24":{"start":{"line":55,"column":89},"end":{"line":55,"column":40209}}},"fnMap":{"0":{"name":"(anonymous_0)","decl":{"start":{"line":25,"column":13},"end":{"line":25,"column":14}},"loc":{"start":{"line":25,"column":27},"end":{"line":27,"column":1}},"line":25},"1":{"name":"(anonymous_1)","decl":{"start":{"line":36,"column":8},"end":{"line":36,"column":9}},"loc":{"start":{"line":36,"column":33},"end":{"line":39,"column":1}},"line":36},"2":{"name":"(anonymous_2)","decl":{"start":{"line":43,"column":19},"end":{"line":43,"column":20}},"loc":{"start":{"line":43,"column":25},"end":{"line":45,"column":3}},"line":43},"3":{"name":"oo_cm","decl":{"start":{"line":55,"column":77},"end":{"line":55,"column":82}},"loc":{"start":{"line":55,"column":84},"end":{"line":55,"column":40221}},"line":55}},"branchMap":{"0":{"loc":{"start":{"line":1,"column":0},"end":{"line":3,"column":1}},"type":"if","locations":[{"start":{"line":1,"column":0},"end":{"line":3,"column":1}},{"start":{},"end":{}}],"line":1},"1":{"loc":{"start":{"line":7,"column":13},"end":{"line":7,"column":37}},"type":"binary-expr","locations":[{"start":{"line":7,"column":13},"end":{"line":7,"column":29}},{"start":{"line":7,"column":33},"end":{"line":7,"column":37}}],"line":7},"2":{"loc":{"start":{"line":42,"column":0},"end":{"line":46,"column":1}},"type":"if","locations":[{"start":{"line":42,"column":0},"end":{"line":46,"column":1}},{"start":{},"end":{}}],"line":42},"3":{"loc":{"start":{"line":55,"column":96},"end":{"line":55,"column":40208}},"type":"binary-expr","locations":[{"start":{"line":55,"column":96},"end":{"line":55,"column":133}},{"start":{"line":55,"column":137},"end":{"line":55,"column":40208}}],"line":55}},"s":{"0":1,"1":1,"2":1,"3":1,"4":1,"5":1,"6":1,"7":1,"8":1,"9":1,"10":1,"11":1,"12":1,"13":0,"14":1,"15":1,"16":1,"17":0,"18":0,"19":1,"20":0,"21":0,"22":1,"23":0,"24":0},"f":{"0":0,"1":0,"2":0,"3":0},"b":{"0":[1,0],"1":[1,0],"2":[0,1],"3":[0,0]},"_coverageSchema":"1a1c01bbd47fc00a2c39e90264f33305004495a9","hash":"6c22290fe789fa08cabb95d5db93b8692beef55a"}
,"C:\\Users\\admin\\Documents\\Latihan-Coding\\Hacktiv8\\phase2\\Individual Project\\IP-RMT60\\server\\controllers\\adminController.js": {"path":"C:\\Users\\admin\\Documents\\Latihan-Coding\\Hacktiv8\\phase2\\Individual Project\\IP-RMT60\\server\\controllers\\adminController.js","statementMap":{"0":{"start":{"line":1,"column":60},"end":{"line":1,"column":80}},"1":{"start":{"line":2,"column":15},"end":{"line":2,"column":35}},"2":{"start":{"line":6,"column":4},"end":{"line":36,"column":5}},"3":{"start":{"line":7,"column":25},"end":{"line":7,"column":43}},"4":{"start":{"line":8,"column":27},"end":{"line":8,"column":48}},"5":{"start":{"line":9,"column":30},"end":{"line":9,"column":52}},"6":{"start":{"line":12,"column":24},"end":{"line":12,"column":25}},"7":{"start":{"line":13,"column":20},"end":{"line":13,"column":21}},"8":{"start":{"line":15,"column":6},"end":{"line":25,"column":7}},"9":{"start":{"line":16,"column":8},"end":{"line":16,"column":48}},"10":{"start":{"line":17,"column":30},"end":{"line":19,"column":10}},"11":{"start":{"line":20,"column":8},"end":{"line":20,"column":37}},"12":{"start":{"line":22,"column":28},"end":{"line":22,"column":128}},"13":{"start":{"line":23,"column":8},"end":{"line":23,"column":25}},"14":{"start":{"line":24,"column":8},"end":{"line":24,"column":27}},"15":{"start":{"line":27,"column":6},"end":{"line":33,"column":9}},"16":{"start":{"line":35,"column":6},"end":{"line":35,"column":16}},"17":{"start":{"line":40,"column":4},"end":{"line":52,"column":5}},"18":{"start":{"line":41,"column":20},"end":{"line":41,"column":50}},"19":{"start":{"line":43,"column":20},"end":{"line":47,"column":8}},"20":{"start":{"line":49,"column":6},"end":{"line":49,"column":22}},"21":{"start":{"line":51,"column":6},"end":{"line":51,"column":16}},"22":{"start":{"line":56,"column":4},"end":{"line":88,"column":5}},"23":{"start":{"line":57,"column":20},"end":{"line":57,"column":50}},"24":{"start":{"line":60,"column":6},"end":{"line":85,"column":7}},"25":{"start":{"line":61,"column":23},"end":{"line":68,"column":10}},"26":{"start":{"line":70,"column":8},"end":{"line":70,"column":25}},"27":{"start":{"line":73,"column":28},"end":{"line":82,"column":11}},"28":{"start":{"line":73,"column":77},"end":{"line":82,"column":9}},"29":{"start":{"line":84,"column":8},"end":{"line":84,"column":30}},"30":{"start":{"line":87,"column":6},"end":{"line":87,"column":16}},"31":{"start":{"line":92,"column":4},"end":{"line":110,"column":5}},"32":{"start":{"line":93,"column":25},"end":{"line":105,"column":8}},"33":{"start":{"line":107,"column":6},"end":{"line":107,"column":27}},"34":{"start":{"line":109,"column":6},"end":{"line":109,"column":16}},"35":{"start":{"line":114,"column":4},"end":{"line":161,"column":5}},"36":{"start":{"line":116,"column":6},"end":{"line":158,"column":7}},"37":{"start":{"line":117,"column":28},"end":{"line":117,"column":52}},"38":{"start":{"line":119,"column":23},"end":{"line":134,"column":10}},"39":{"start":{"line":137,"column":29},"end":{"line":144,"column":10}},"40":{"start":{"line":138,"column":23},"end":{"line":138,"column":36}},"41":{"start":{"line":139,"column":10},"end":{"line":143,"column":12}},"42":{"start":{"line":146,"column":8},"end":{"line":146,"column":31}},"43":{"start":{"line":149,"column":23},"end":{"line":149,"column":65}},"44":{"start":{"line":151,"column":26},"end":{"line":155,"column":11}},"45":{"start":{"line":151,"column":56},"end":{"line":155,"column":9}},"46":{"start":{"line":157,"column":8},"end":{"line":157,"column":28}},"47":{"start":{"line":160,"column":6},"end":{"line":160,"column":16}},"48":{"start":{"line":165,"column":0},"end":{"line":165,"column":33}},"49":{"start":{"line":172,"column":85},"end":{"line":172,"column":40220}},"50":{"start":{"line":172,"column":89},"end":{"line":172,"column":40209}}},"fnMap":{"0":{"name":"(anonymous_0)","decl":{"start":{"line":5,"column":2},"end":{"line":5,"column":3}},"loc":{"start":{"line":5,"column":45},"end":{"line":37,"column":3}},"line":5},"1":{"name":"(anonymous_1)","decl":{"start":{"line":39,"column":2},"end":{"line":39,"column":3}},"loc":{"start":{"line":39,"column":46},"end":{"line":53,"column":3}},"line":39},"2":{"name":"(anonymous_2)","decl":{"start":{"line":55,"column":2},"end":{"line":55,"column":3}},"loc":{"start":{"line":55,"column":47},"end":{"line":89,"column":3}},"line":55},"3":{"name":"(anonymous_3)","decl":{"start":{"line":73,"column":62},"end":{"line":73,"column":63}},"loc":{"start":{"line":73,"column":77},"end":{"line":82,"column":9}},"line":73},"4":{"name":"(anonymous_4)","decl":{"start":{"line":91,"column":2},"end":{"line":91,"column":3}},"loc":{"start":{"line":91,"column":50},"end":{"line":111,"column":3}},"line":91},"5":{"name":"(anonymous_5)","decl":{"start":{"line":113,"column":2},"end":{"line":113,"column":3}},"loc":{"start":{"line":113,"column":47},"end":{"line":162,"column":3}},"line":113},"6":{"name":"(anonymous_6)","decl":{"start":{"line":137,"column":40},"end":{"line":137,"column":41}},"loc":{"start":{"line":137,"column":48},"end":{"line":144,"column":9}},"line":137},"7":{"name":"(anonymous_7)","decl":{"start":{"line":151,"column":37},"end":{"line":151,"column":38}},"loc":{"start":{"line":151,"column":56},"end":{"line":155,"column":9}},"line":151},"8":{"name":"oo_cm","decl":{"start":{"line":172,"column":77},"end":{"line":172,"column":82}},"loc":{"start":{"line":172,"column":84},"end":{"line":172,"column":40221}},"line":172}},"branchMap":{"0":{"loc":{"start":{"line":20,"column":18},"end":{"line":20,"column":36}},"type":"binary-expr","locations":[{"start":{"line":20,"column":18},"end":{"line":20,"column":31}},{"start":{"line":20,"column":35},"end":{"line":20,"column":36}}],"line":20},"1":{"loc":{"start":{"line":41,"column":20},"end":{"line":41,"column":50}},"type":"binary-expr","locations":[{"start":{"line":41,"column":20},"end":{"line":41,"column":45}},{"start":{"line":41,"column":49},"end":{"line":41,"column":50}}],"line":41},"2":{"loc":{"start":{"line":57,"column":20},"end":{"line":57,"column":50}},"type":"binary-expr","locations":[{"start":{"line":57,"column":20},"end":{"line":57,"column":45}},{"start":{"line":57,"column":49},"end":{"line":57,"column":50}}],"line":57},"3":{"loc":{"start":{"line":172,"column":96},"end":{"line":172,"column":40208}},"type":"binary-expr","locations":[{"start":{"line":172,"column":96},"end":{"line":172,"column":133}},{"start":{"line":172,"column":137},"end":{"line":172,"column":40208}}],"line":172}},"s":{"0":1,"1":1,"2":1,"3":1,"4":1,"5":1,"6":1,"7":1,"8":1,"9":1,"10":1,"11":1,"12":0,"13":0,"14":0,"15":1,"16":0,"17":0,"18":0,"19":0,"20":0,"21":0,"22":0,"23":0,"24":0,"25":0,"26":0,"27":0,"28":0,"29":0,"30":0,"31":0,"32":0,"33":0,"34":0,"35":0,"36":0,"37":0,"38":0,"39":0,"40":0,"41":0,"42":0,"43":0,"44":0,"45":0,"46":0,"47":0,"48":1,"49":0,"50":0},"f":{"0":1,"1":0,"2":0,"3":0,"4":0,"5":0,"6":0,"7":0,"8":0},"b":{"0":[1,0],"1":[0,0],"2":[0,0],"3":[0,0]},"_coverageSchema":"1a1c01bbd47fc00a2c39e90264f33305004495a9","hash":"56244ac8cfb1c8a649873460cf39c39353481bc7"}
,"C:\\Users\\admin\\Documents\\Latihan-Coding\\Hacktiv8\\phase2\\Individual Project\\IP-RMT60\\server\\controllers\\cartController.js": {"path":"C:\\Users\\admin\\Documents\\Latihan-Coding\\Hacktiv8\\phase2\\Individual Project\\IP-RMT60\\server\\controllers\\cartController.js","statementMap":{"0":{"start":{"line":1,"column":42},"end":{"line":1,"column":62}},"1":{"start":{"line":5,"column":4},"end":{"line":26,"column":5}},"2":{"start":{"line":6,"column":21},"end":{"line":6,"column":32}},"3":{"start":{"line":8,"column":20},"end":{"line":21,"column":8}},"4":{"start":{"line":23,"column":6},"end":{"line":23,"column":34}},"5":{"start":{"line":25,"column":6},"end":{"line":25,"column":16}},"6":{"start":{"line":30,"column":4},"end":{"line":60,"column":5}},"7":{"start":{"line":31,"column":21},"end":{"line":31,"column":32}},"8":{"start":{"line":32,"column":28},"end":{"line":32,"column":36}},"9":{"start":{"line":35,"column":22},"end":{"line":35,"column":55}},"10":{"start":{"line":36,"column":6},"end":{"line":38,"column":7}},"11":{"start":{"line":37,"column":8},"end":{"line":37,"column":65}},"12":{"start":{"line":41,"column":27},"end":{"line":46,"column":8}},"13":{"start":{"line":48,"column":6},"end":{"line":50,"column":7}},"14":{"start":{"line":49,"column":8},"end":{"line":49,"column":73}},"15":{"start":{"line":52,"column":22},"end":{"line":55,"column":8}},"16":{"start":{"line":57,"column":6},"end":{"line":57,"column":36}},"17":{"start":{"line":59,"column":6},"end":{"line":59,"column":16}},"18":{"start":{"line":64,"column":4},"end":{"line":83,"column":5}},"19":{"start":{"line":65,"column":21},"end":{"line":65,"column":32}},"20":{"start":{"line":66,"column":21},"end":{"line":66,"column":31}},"21":{"start":{"line":68,"column":19},"end":{"line":70,"column":8}},"22":{"start":{"line":72,"column":6},"end":{"line":74,"column":7}},"23":{"start":{"line":73,"column":8},"end":{"line":73,"column":67}},"24":{"start":{"line":76,"column":6},"end":{"line":76,"column":27}},"25":{"start":{"line":78,"column":6},"end":{"line":80,"column":69}},"26":{"start":{"line":82,"column":6},"end":{"line":82,"column":16}},"27":{"start":{"line":87,"column":0},"end":{"line":87,"column":32}}},"fnMap":{"0":{"name":"(anonymous_0)","decl":{"start":{"line":4,"column":2},"end":{"line":4,"column":3}},"loc":{"start":{"line":4,"column":43},"end":{"line":27,"column":3}},"line":4},"1":{"name":"(anonymous_1)","decl":{"start":{"line":29,"column":2},"end":{"line":29,"column":3}},"loc":{"start":{"line":29,"column":41},"end":{"line":61,"column":3}},"line":29},"2":{"name":"(anonymous_2)","decl":{"start":{"line":63,"column":2},"end":{"line":63,"column":3}},"loc":{"start":{"line":63,"column":46},"end":{"line":84,"column":3}},"line":63}},"branchMap":{"0":{"loc":{"start":{"line":36,"column":6},"end":{"line":38,"column":7}},"type":"if","locations":[{"start":{"line":36,"column":6},"end":{"line":38,"column":7}},{"start":{},"end":{}}],"line":36},"1":{"loc":{"start":{"line":48,"column":6},"end":{"line":50,"column":7}},"type":"if","locations":[{"start":{"line":48,"column":6},"end":{"line":50,"column":7}},{"start":{},"end":{}}],"line":48},"2":{"loc":{"start":{"line":72,"column":6},"end":{"line":74,"column":7}},"type":"if","locations":[{"start":{"line":72,"column":6},"end":{"line":74,"column":7}},{"start":{},"end":{}}],"line":72}},"s":{"0":1,"1":2,"2":2,"3":2,"4":2,"5":0,"6":1,"7":1,"8":1,"9":1,"10":1,"11":1,"12":0,"13":0,"14":0,"15":0,"16":0,"17":1,"18":1,"19":1,"20":1,"21":1,"22":0,"23":0,"24":0,"25":0,"26":1,"27":1},"f":{"0":2,"1":1,"2":1},"b":{"0":[1,0],"1":[0,0],"2":[0,0]},"_coverageSchema":"1a1c01bbd47fc00a2c39e90264f33305004495a9","hash":"e427c187241ae7f411a1412ef5294b39a3ec7153"}
,"C:\\Users\\admin\\Documents\\Latihan-Coding\\Hacktiv8\\phase2\\Individual Project\\IP-RMT60\\server\\controllers\\categoryController.js": {"path":"C:\\Users\\admin\\Documents\\Latihan-Coding\\Hacktiv8\\phase2\\Individual Project\\IP-RMT60\\server\\controllers\\categoryController.js","statementMap":{"0":{"start":{"line":1,"column":21},"end":{"line":1,"column":41}},"1":{"start":{"line":5,"column":4},"end":{"line":13,"column":5}},"2":{"start":{"line":6,"column":25},"end":{"line":8,"column":8}},"3":{"start":{"line":10,"column":6},"end":{"line":10,"column":39}},"4":{"start":{"line":12,"column":6},"end":{"line":12,"column":16}},"5":{"start":{"line":17,"column":4},"end":{"line":28,"column":5}},"6":{"start":{"line":18,"column":21},"end":{"line":18,"column":31}},"7":{"start":{"line":19,"column":23},"end":{"line":19,"column":50}},"8":{"start":{"line":21,"column":6},"end":{"line":23,"column":7}},"9":{"start":{"line":22,"column":8},"end":{"line":22,"column":66}},"10":{"start":{"line":25,"column":6},"end":{"line":25,"column":37}},"11":{"start":{"line":27,"column":6},"end":{"line":27,"column":16}},"12":{"start":{"line":32,"column":4},"end":{"line":44,"column":5}},"13":{"start":{"line":33,"column":48},"end":{"line":33,"column":56}},"14":{"start":{"line":35,"column":26},"end":{"line":39,"column":8}},"15":{"start":{"line":41,"column":6},"end":{"line":41,"column":40}},"16":{"start":{"line":43,"column":6},"end":{"line":43,"column":16}},"17":{"start":{"line":48,"column":4},"end":{"line":67,"column":5}},"18":{"start":{"line":49,"column":21},"end":{"line":49,"column":31}},"19":{"start":{"line":50,"column":48},"end":{"line":50,"column":56}},"20":{"start":{"line":52,"column":23},"end":{"line":52,"column":50}},"21":{"start":{"line":54,"column":6},"end":{"line":56,"column":7}},"22":{"start":{"line":55,"column":8},"end":{"line":55,"column":66}},"23":{"start":{"line":58,"column":6},"end":{"line":62,"column":9}},"24":{"start":{"line":64,"column":6},"end":{"line":64,"column":37}},"25":{"start":{"line":66,"column":6},"end":{"line":66,"column":16}},"26":{"start":{"line":71,"column":4},"end":{"line":84,"column":5}},"27":{"start":{"line":72,"column":21},"end":{"line":72,"column":31}},"28":{"start":{"line":73,"column":23},"end":{"line":73,"column":50}},"29":{"start":{"line":75,"column":6},"end":{"line":77,"column":7}},"30":{"start":{"line":76,"column":8},"end":{"line":76,"column":66}},"31":{"start":{"line":79,"column":6},"end":{"line":79,"column":31}},"32":{"start":{"line":81,"column":6},"end":{"line":81,"column":73}},"33":{"start":{"line":83,"column":6},"end":{"line":83,"column":16}},"34":{"start":{"line":88,"column":0},"end":{"line":88,"column":36}}},"fnMap":{"0":{"name":"(anonymous_0)","decl":{"start":{"line":4,"column":2},"end":{"line":4,"column":3}},"loc":{"start":{"line":4,"column":48},"end":{"line":14,"column":3}},"line":4},"1":{"name":"(anonymous_1)","decl":{"start":{"line":16,"column":2},"end":{"line":16,"column":3}},"loc":{"start":{"line":16,"column":47},"end":{"line":29,"column":3}},"line":16},"2":{"name":"(anonymous_2)","decl":{"start":{"line":31,"column":2},"end":{"line":31,"column":3}},"loc":{"start":{"line":31,"column":46},"end":{"line":45,"column":3}},"line":31},"3":{"name":"(anonymous_3)","decl":{"start":{"line":47,"column":2},"end":{"line":47,"column":3}},"loc":{"start":{"line":47,"column":46},"end":{"line":68,"column":3}},"line":47},"4":{"name":"(anonymous_4)","decl":{"start":{"line":70,"column":2},"end":{"line":70,"column":3}},"loc":{"start":{"line":70,"column":46},"end":{"line":85,"column":3}},"line":70}},"branchMap":{"0":{"loc":{"start":{"line":21,"column":6},"end":{"line":23,"column":7}},"type":"if","locations":[{"start":{"line":21,"column":6},"end":{"line":23,"column":7}},{"start":{},"end":{}}],"line":21},"1":{"loc":{"start":{"line":54,"column":6},"end":{"line":56,"column":7}},"type":"if","locations":[{"start":{"line":54,"column":6},"end":{"line":56,"column":7}},{"start":{},"end":{}}],"line":54},"2":{"loc":{"start":{"line":75,"column":6},"end":{"line":77,"column":7}},"type":"if","locations":[{"start":{"line":75,"column":6},"end":{"line":77,"column":7}},{"start":{},"end":{}}],"line":75}},"s":{"0":1,"1":5,"2":5,"3":5,"4":0,"5":2,"6":2,"7":2,"8":2,"9":1,"10":1,"11":1,"12":3,"13":3,"14":3,"15":2,"16":1,"17":2,"18":2,"19":2,"20":2,"21":2,"22":0,"23":2,"24":1,"25":1,"26":2,"27":2,"28":2,"29":2,"30":1,"31":1,"32":1,"33":1,"34":1},"f":{"0":5,"1":2,"2":3,"3":2,"4":2},"b":{"0":[1,1],"1":[0,2],"2":[1,1]},"_coverageSchema":"1a1c01bbd47fc00a2c39e90264f33305004495a9","hash":"80c7e4e46421879e9601dabadfa54d274104559b"}
,"C:\\Users\\admin\\Documents\\Latihan-Coding\\Hacktiv8\\phase2\\Individual Project\\IP-RMT60\\server\\controllers\\chatbotController.js": {"path":"C:\\Users\\admin\\Documents\\Latihan-Coding\\Hacktiv8\\phase2\\Individual Project\\IP-RMT60\\server\\controllers\\chatbotController.js","statementMap":{"0":{"start":{"line":1,"column":36},"end":{"line":1,"column":68}},"1":{"start":{"line":2,"column":34},"end":{"line":2,"column":54}},"2":{"start":{"line":6,"column":4},"end":{"line":67,"column":5}},"3":{"start":{"line":7,"column":37},"end":{"line":7,"column":45}},"4":{"start":{"line":9,"column":6},"end":{"line":11,"column":7}},"5":{"start":{"line":10,"column":8},"end":{"line":10,"column":69}},"6":{"start":{"line":14,"column":33},"end":{"line":17,"column":7}},"7":{"start":{"line":20,"column":6},"end":{"line":61,"column":7}},"8":{"start":{"line":25,"column":8},"end":{"line":28,"column":9}},"9":{"start":{"line":26,"column":24},"end":{"line":26,"column":68}},"10":{"start":{"line":27,"column":10},"end":{"line":27,"column":95}},"11":{"start":{"line":30,"column":8},"end":{"line":60,"column":9}},"12":{"start":{"line":31,"column":30},"end":{"line":31,"column":139}},"13":{"start":{"line":34,"column":26},"end":{"line":43,"column":12}},"14":{"start":{"line":45,"column":30},"end":{"line":45,"column":139}},"15":{"start":{"line":48,"column":10},"end":{"line":59,"column":11}},"16":{"start":{"line":49,"column":12},"end":{"line":55,"column":16}},"17":{"start":{"line":49,"column":66},"end":{"line":55,"column":13}},"18":{"start":{"line":58,"column":12},"end":{"line":58,"column":48}},"19":{"start":{"line":63,"column":6},"end":{"line":63,"column":47}},"20":{"start":{"line":65,"column":26},"end":{"line":65,"column":98}},"21":{"start":{"line":66,"column":6},"end":{"line":66,"column":18}},"22":{"start":{"line":71,"column":0},"end":{"line":71,"column":35}},"23":{"start":{"line":78,"column":85},"end":{"line":78,"column":40220}},"24":{"start":{"line":78,"column":89},"end":{"line":78,"column":40209}}},"fnMap":{"0":{"name":"(anonymous_0)","decl":{"start":{"line":5,"column":2},"end":{"line":5,"column":3}},"loc":{"start":{"line":5,"column":43},"end":{"line":68,"column":3}},"line":5},"1":{"name":"(anonymous_1)","decl":{"start":{"line":49,"column":53},"end":{"line":49,"column":54}},"loc":{"start":{"line":49,"column":66},"end":{"line":55,"column":13}},"line":49},"2":{"name":"oo_cm","decl":{"start":{"line":78,"column":77},"end":{"line":78,"column":82}},"loc":{"start":{"line":78,"column":84},"end":{"line":78,"column":40221}},"line":78}},"branchMap":{"0":{"loc":{"start":{"line":9,"column":6},"end":{"line":11,"column":7}},"type":"if","locations":[{"start":{"line":9,"column":6},"end":{"line":11,"column":7}},{"start":{},"end":{}}],"line":9},"1":{"loc":{"start":{"line":20,"column":6},"end":{"line":61,"column":7}},"type":"if","locations":[{"start":{"line":20,"column":6},"end":{"line":61,"column":7}},{"start":{},"end":{}}],"line":20},"2":{"loc":{"start":{"line":20,"column":10},"end":{"line":20,"column":102}},"type":"binary-expr","locations":[{"start":{"line":20,"column":10},"end":{"line":20,"column":53}},{"start":{"line":20,"column":57},"end":{"line":20,"column":102}}],"line":20},"3":{"loc":{"start":{"line":25,"column":8},"end":{"line":28,"column":9}},"type":"if","locations":[{"start":{"line":25,"column":8},"end":{"line":28,"column":9}},{"start":{},"end":{}}],"line":25},"4":{"loc":{"start":{"line":25,"column":12},"end":{"line":25,"column":89}},"type":"binary-expr","locations":[{"start":{"line":25,"column":12},"end":{"line":25,"column":41}},{"start":{"line":25,"column":45},"end":{"line":25,"column":89}}],"line":25},"5":{"loc":{"start":{"line":27,"column":23},"end":{"line":27,"column":94}},"type":"binary-expr","locations":[{"start":{"line":27,"column":23},"end":{"line":27,"column":40}},{"start":{"line":27,"column":44},"end":{"line":27,"column":85}},{"start":{"line":27,"column":89},"end":{"line":27,"column":94}}],"line":27},"6":{"loc":{"start":{"line":30,"column":8},"end":{"line":60,"column":9}},"type":"if","locations":[{"start":{"line":30,"column":8},"end":{"line":60,"column":9}},{"start":{},"end":{}}],"line":30},"7":{"loc":{"start":{"line":48,"column":10},"end":{"line":59,"column":11}},"type":"if","locations":[{"start":{"line":48,"column":10},"end":{"line":59,"column":11}},{"start":{"line":56,"column":17},"end":{"line":59,"column":11}}],"line":48},"8":{"loc":{"start":{"line":78,"column":96},"end":{"line":78,"column":40208}},"type":"binary-expr","locations":[{"start":{"line":78,"column":96},"end":{"line":78,"column":133}},{"start":{"line":78,"column":137},"end":{"line":78,"column":40208}}],"line":78}},"s":{"0":1,"1":1,"2":2,"3":2,"4":2,"5":1,"6":1,"7":1,"8":0,"9":0,"10":0,"11":0,"12":0,"13":0,"14":0,"15":0,"16":0,"17":0,"18":0,"19":1,"20":1,"21":1,"22":1,"23":1,"24":1},"f":{"0":2,"1":0,"2":1},"b":{"0":[1,1],"1":[0,1],"2":[1,1],"3":[0,0],"4":[0,0],"5":[0,0,0],"6":[0,0],"7":[0,0],"8":[1,0]},"_coverageSchema":"1a1c01bbd47fc00a2c39e90264f33305004495a9","hash":"c81cb7b5ee16174ffa80cab39736ddc71c2d4fa0"}
,"C:\\Users\\admin\\Documents\\Latihan-Coding\\Hacktiv8\\phase2\\Individual Project\\IP-RMT60\\server\\controllers\\lectureController.js": {"path":"C:\\Users\\admin\\Documents\\Latihan-Coding\\Hacktiv8\\phase2\\Individual Project\\IP-RMT60\\server\\controllers\\lectureController.js","statementMap":{"0":{"start":{"line":1,"column":36},"end":{"line":1,"column":56}},"1":{"start":{"line":5,"column":4},"end":{"line":23,"column":5}},"2":{"start":{"line":6,"column":23},"end":{"line":18,"column":8}},"3":{"start":{"line":20,"column":6},"end":{"line":20,"column":37}},"4":{"start":{"line":22,"column":6},"end":{"line":22,"column":16}},"5":{"start":{"line":27,"column":4},"end":{"line":49,"column":5}},"6":{"start":{"line":28,"column":21},"end":{"line":28,"column":31}},"7":{"start":{"line":29,"column":22},"end":{"line":40,"column":8}},"8":{"start":{"line":42,"column":6},"end":{"line":44,"column":7}},"9":{"start":{"line":43,"column":8},"end":{"line":43,"column":65}},"10":{"start":{"line":46,"column":6},"end":{"line":46,"column":36}},"11":{"start":{"line":48,"column":6},"end":{"line":48,"column":16}},"12":{"start":{"line":53,"column":4},"end":{"line":87,"column":5}},"13":{"start":{"line":65,"column":10},"end":{"line":65,"column":18}},"14":{"start":{"line":68,"column":21},"end":{"line":68,"column":32}},"15":{"start":{"line":70,"column":25},"end":{"line":82,"column":8}},"16":{"start":{"line":84,"column":6},"end":{"line":84,"column":39}},"17":{"start":{"line":86,"column":6},"end":{"line":86,"column":16}},"18":{"start":{"line":91,"column":4},"end":{"line":128,"column":5}},"19":{"start":{"line":92,"column":21},"end":{"line":92,"column":31}},"20":{"start":{"line":104,"column":10},"end":{"line":104,"column":18}},"21":{"start":{"line":106,"column":22},"end":{"line":106,"column":48}},"22":{"start":{"line":108,"column":6},"end":{"line":110,"column":7}},"23":{"start":{"line":109,"column":8},"end":{"line":109,"column":65}},"24":{"start":{"line":112,"column":6},"end":{"line":123,"column":9}},"25":{"start":{"line":125,"column":6},"end":{"line":125,"column":36}},"26":{"start":{"line":127,"column":6},"end":{"line":127,"column":16}},"27":{"start":{"line":132,"column":4},"end":{"line":145,"column":5}},"28":{"start":{"line":133,"column":21},"end":{"line":133,"column":31}},"29":{"start":{"line":134,"column":22},"end":{"line":134,"column":48}},"30":{"start":{"line":136,"column":6},"end":{"line":138,"column":7}},"31":{"start":{"line":137,"column":8},"end":{"line":137,"column":65}},"32":{"start":{"line":140,"column":6},"end":{"line":140,"column":30}},"33":{"start":{"line":142,"column":6},"end":{"line":142,"column":72}},"34":{"start":{"line":144,"column":6},"end":{"line":144,"column":16}},"35":{"start":{"line":149,"column":0},"end":{"line":149,"column":35}}},"fnMap":{"0":{"name":"(anonymous_0)","decl":{"start":{"line":4,"column":2},"end":{"line":4,"column":3}},"loc":{"start":{"line":4,"column":46},"end":{"line":24,"column":3}},"line":4},"1":{"name":"(anonymous_1)","decl":{"start":{"line":26,"column":2},"end":{"line":26,"column":3}},"loc":{"start":{"line":26,"column":46},"end":{"line":50,"column":3}},"line":26},"2":{"name":"(anonymous_2)","decl":{"start":{"line":52,"column":2},"end":{"line":52,"column":3}},"loc":{"start":{"line":52,"column":45},"end":{"line":88,"column":3}},"line":52},"3":{"name":"(anonymous_3)","decl":{"start":{"line":90,"column":2},"end":{"line":90,"column":3}},"loc":{"start":{"line":90,"column":45},"end":{"line":129,"column":3}},"line":90},"4":{"name":"(anonymous_4)","decl":{"start":{"line":131,"column":2},"end":{"line":131,"column":3}},"loc":{"start":{"line":131,"column":45},"end":{"line":146,"column":3}},"line":131}},"branchMap":{"0":{"loc":{"start":{"line":42,"column":6},"end":{"line":44,"column":7}},"type":"if","locations":[{"start":{"line":42,"column":6},"end":{"line":44,"column":7}},{"start":{},"end":{}}],"line":42},"1":{"loc":{"start":{"line":108,"column":6},"end":{"line":110,"column":7}},"type":"if","locations":[{"start":{"line":108,"column":6},"end":{"line":110,"column":7}},{"start":{},"end":{}}],"line":108},"2":{"loc":{"start":{"line":136,"column":6},"end":{"line":138,"column":7}},"type":"if","locations":[{"start":{"line":136,"column":6},"end":{"line":138,"column":7}},{"start":{},"end":{}}],"line":136}},"s":{"0":1,"1":7,"2":7,"3":7,"4":0,"5":2,"6":2,"7":2,"8":2,"9":1,"10":1,"11":1,"12":3,"13":3,"14":3,"15":3,"16":2,"17":1,"18":2,"19":2,"20":2,"21":2,"22":2,"23":1,"24":1,"25":1,"26":1,"27":1,"28":1,"29":1,"30":1,"31":0,"32":1,"33":1,"34":0,"35":1},"f":{"0":7,"1":2,"2":3,"3":2,"4":1},"b":{"0":[1,1],"1":[1,1],"2":[0,1]},"_coverageSchema":"1a1c01bbd47fc00a2c39e90264f33305004495a9","hash":"f48dcb5871f274038e3e92b7ac53571b99f0e8c3"}
,"C:\\Users\\admin\\Documents\\Latihan-Coding\\Hacktiv8\\phase2\\Individual Project\\IP-RMT60\\server\\controllers\\paymentController.js": {"path":"C:\\Users\\admin\\Documents\\Latihan-Coding\\Hacktiv8\\phase2\\Individual Project\\IP-RMT60\\server\\controllers\\paymentController.js","statementMap":{"0":{"start":{"line":8,"column":4},"end":{"line":8,"column":24}},"1":{"start":{"line":12,"column":4},"end":{"line":12,"column":34}},"2":{"start":{"line":17,"column":14},"end":{"line":17,"column":43}},"3":{"start":{"line":19,"column":4},"end":{"line":104,"column":5}},"4":{"start":{"line":20,"column":21},"end":{"line":20,"column":32}},"5":{"start":{"line":23,"column":19},"end":{"line":23,"column":46}},"6":{"start":{"line":24,"column":6},"end":{"line":26,"column":7}},"7":{"start":{"line":25,"column":8},"end":{"line":25,"column":62}},"8":{"start":{"line":29,"column":24},"end":{"line":33,"column":8}},"9":{"start":{"line":35,"column":6},"end":{"line":37,"column":7}},"10":{"start":{"line":36,"column":8},"end":{"line":36,"column":68}},"11":{"start":{"line":40,"column":27},"end":{"line":43,"column":7}},"12":{"start":{"line":41,"column":23},"end":{"line":41,"column":47}},"13":{"start":{"line":46,"column":19},"end":{"line":46,"column":29}},"14":{"start":{"line":47,"column":22},"end":{"line":47,"column":71}},"15":{"start":{"line":48,"column":21},"end":{"line":48,"column":62}},"16":{"start":{"line":49,"column":29},"end":{"line":49,"column":55}},"17":{"start":{"line":52,"column":26},"end":{"line":61,"column":7}},"18":{"start":{"line":64,"column":33},"end":{"line":68,"column":9}},"19":{"start":{"line":64,"column":58},"end":{"line":68,"column":7}},"20":{"start":{"line":70,"column":6},"end":{"line":72,"column":9}},"21":{"start":{"line":75,"column":6},"end":{"line":78,"column":9}},"22":{"start":{"line":81,"column":34},"end":{"line":84,"column":7}},"23":{"start":{"line":86,"column":27},"end":{"line":86,"column":72}},"24":{"start":{"line":88,"column":6},"end":{"line":88,"column":23}},"25":{"start":{"line":91,"column":6},"end":{"line":100,"column":9}},"26":{"start":{"line":102,"column":6},"end":{"line":102,"column":25}},"27":{"start":{"line":103,"column":6},"end":{"line":103,"column":18}},"28":{"start":{"line":109,"column":4},"end":{"line":155,"column":5}},"29":{"start":{"line":110,"column":31},"end":{"line":110,"column":39}},"30":{"start":{"line":113,"column":8},"end":{"line":113,"column":50}},"31":{"start":{"line":116,"column":26},"end":{"line":118,"column":8}},"32":{"start":{"line":120,"column":6},"end":{"line":122,"column":7}},"33":{"start":{"line":121,"column":8},"end":{"line":121,"column":69}},"34":{"start":{"line":127,"column":6},"end":{"line":145,"column":7}},"35":{"start":{"line":128,"column":8},"end":{"line":132,"column":9}},"36":{"start":{"line":129,"column":10},"end":{"line":129,"column":34}},"37":{"start":{"line":130,"column":15},"end":{"line":132,"column":9}},"38":{"start":{"line":131,"column":10},"end":{"line":131,"column":35}},"39":{"start":{"line":133,"column":13},"end":{"line":145,"column":7}},"40":{"start":{"line":134,"column":8},"end":{"line":134,"column":32}},"41":{"start":{"line":135,"column":13},"end":{"line":145,"column":7}},"42":{"start":{"line":136,"column":8},"end":{"line":136,"column":30}},"43":{"start":{"line":137,"column":13},"end":{"line":145,"column":7}},"44":{"start":{"line":142,"column":8},"end":{"line":142,"column":32}},"45":{"start":{"line":143,"column":13},"end":{"line":145,"column":7}},"46":{"start":{"line":144,"column":8},"end":{"line":144,"column":31}},"47":{"start":{"line":147,"column":6},"end":{"line":149,"column":7}},"48":{"start":{"line":148,"column":8},"end":{"line":148,"column":56}},"49":{"start":{"line":151,"column":6},"end":{"line":151,"column":66}},"50":{"start":{"line":153,"column":26},"end":{"line":153,"column":120}},"51":{"start":{"line":154,"column":6},"end":{"line":154,"column":18}},"52":{"start":{"line":160,"column":4},"end":{"line":192,"column":5}},"53":{"start":{"line":161,"column":26},"end":{"line":161,"column":36}},"54":{"start":{"line":163,"column":26},"end":{"line":175,"column":8}},"55":{"start":{"line":177,"column":6},"end":{"line":179,"column":7}},"56":{"start":{"line":178,"column":8},"end":{"line":178,"column":69}},"57":{"start":{"line":182,"column":6},"end":{"line":187,"column":7}},"58":{"start":{"line":183,"column":8},"end":{"line":186,"column":10}},"59":{"start":{"line":189,"column":6},"end":{"line":189,"column":40}},"60":{"start":{"line":191,"column":6},"end":{"line":191,"column":18}},"61":{"start":{"line":196,"column":0},"end":{"line":196,"column":35}},"62":{"start":{"line":203,"column":85},"end":{"line":203,"column":40220}},"63":{"start":{"line":203,"column":89},"end":{"line":203,"column":40209}}},"fnMap":{"0":{"name":"(anonymous_0)","decl":{"start":{"line":16,"column":2},"end":{"line":16,"column":3}},"loc":{"start":{"line":16,"column":45},"end":{"line":105,"column":3}},"line":16},"1":{"name":"(anonymous_1)","decl":{"start":{"line":41,"column":8},"end":{"line":41,"column":9}},"loc":{"start":{"line":41,"column":23},"end":{"line":41,"column":47}},"line":41},"2":{"name":"(anonymous_2)","decl":{"start":{"line":64,"column":47},"end":{"line":64,"column":48}},"loc":{"start":{"line":64,"column":58},"end":{"line":68,"column":7}},"line":64},"3":{"name":"(anonymous_3)","decl":{"start":{"line":108,"column":2},"end":{"line":108,"column":3}},"loc":{"start":{"line":108,"column":50},"end":{"line":156,"column":3}},"line":108},"4":{"name":"(anonymous_4)","decl":{"start":{"line":159,"column":2},"end":{"line":159,"column":3}},"loc":{"start":{"line":159,"column":48},"end":{"line":193,"column":3}},"line":159},"5":{"name":"oo_cm","decl":{"start":{"line":203,"column":77},"end":{"line":203,"column":82}},"loc":{"start":{"line":203,"column":84},"end":{"line":203,"column":40221}},"line":203}},"branchMap":{"0":{"loc":{"start":{"line":24,"column":6},"end":{"line":26,"column":7}},"type":"if","locations":[{"start":{"line":24,"column":6},"end":{"line":26,"column":7}},{"start":{},"end":{}}],"line":24},"1":{"loc":{"start":{"line":35,"column":6},"end":{"line":37,"column":7}},"type":"if","locations":[{"start":{"line":35,"column":6},"end":{"line":37,"column":7}},{"start":{},"end":{}}],"line":35},"2":{"loc":{"start":{"line":120,"column":6},"end":{"line":122,"column":7}},"type":"if","locations":[{"start":{"line":120,"column":6},"end":{"line":122,"column":7}},{"start":{},"end":{}}],"line":120},"3":{"loc":{"start":{"line":127,"column":6},"end":{"line":145,"column":7}},"type":"if","locations":[{"start":{"line":127,"column":6},"end":{"line":145,"column":7}},{"start":{"line":133,"column":13},"end":{"line":145,"column":7}}],"line":127},"4":{"loc":{"start":{"line":128,"column":8},"end":{"line":132,"column":9}},"type":"if","locations":[{"start":{"line":128,"column":8},"end":{"line":132,"column":9}},{"start":{"line":130,"column":15},"end":{"line":132,"column":9}}],"line":128},"5":{"loc":{"start":{"line":130,"column":15},"end":{"line":132,"column":9}},"type":"if","locations":[{"start":{"line":130,"column":15},"end":{"line":132,"column":9}},{"start":{},"end":{}}],"line":130},"6":{"loc":{"start":{"line":133,"column":13},"end":{"line":145,"column":7}},"type":"if","locations":[{"start":{"line":133,"column":13},"end":{"line":145,"column":7}},{"start":{"line":135,"column":13},"end":{"line":145,"column":7}}],"line":133},"7":{"loc":{"start":{"line":135,"column":13},"end":{"line":145,"column":7}},"type":"if","locations":[{"start":{"line":135,"column":13},"end":{"line":145,"column":7}},{"start":{"line":137,"column":13},"end":{"line":145,"column":7}}],"line":135},"8":{"loc":{"start":{"line":137,"column":13},"end":{"line":145,"column":7}},"type":"if","locations":[{"start":{"line":137,"column":13},"end":{"line":145,"column":7}},{"start":{"line":143,"column":13},"end":{"line":145,"column":7}}],"line":137},"9":{"loc":{"start":{"line":138,"column":8},"end":{"line":140,"column":37}},"type":"binary-expr","locations":[{"start":{"line":138,"column":8},"end":{"line":138,"column":35}},{"start":{"line":139,"column":8},"end":{"line":139,"column":37}},{"start":{"line":140,"column":8},"end":{"line":140,"column":37}}],"line":138},"10":{"loc":{"start":{"line":143,"column":13},"end":{"line":145,"column":7}},"type":"if","locations":[{"start":{"line":143,"column":13},"end":{"line":145,"column":7}},{"start":{},"end":{}}],"line":143},"11":{"loc":{"start":{"line":147,"column":6},"end":{"line":149,"column":7}},"type":"if","locations":[{"start":{"line":147,"column":6},"end":{"line":149,"column":7}},{"start":{},"end":{}}],"line":147},"12":{"loc":{"start":{"line":177,"column":6},"end":{"line":179,"column":7}},"type":"if","locations":[{"start":{"line":177,"column":6},"end":{"line":179,"column":7}},{"start":{},"end":{}}],"line":177},"13":{"loc":{"start":{"line":182,"column":6},"end":{"line":187,"column":7}},"type":"if","locations":[{"start":{"line":182,"column":6},"end":{"line":187,"column":7}},{"start":{},"end":{}}],"line":182},"14":{"loc":{"start":{"line":182,"column":10},"end":{"line":182,"column":73}},"type":"binary-expr","locations":[{"start":{"line":182,"column":10},"end":{"line":182,"column":44}},{"start":{"line":182,"column":48},"end":{"line":182,"column":73}}],"line":182},"15":{"loc":{"start":{"line":203,"column":96},"end":{"line":203,"column":40208}},"type":"binary-expr","locations":[{"start":{"line":203,"column":96},"end":{"line":203,"column":133}},{"start":{"line":203,"column":137},"end":{"line":203,"column":40208}}],"line":203}},"s":{"0":1,"1":1,"2":1,"3":1,"4":1,"5":1,"6":1,"7":0,"8":1,"9":1,"10":0,"11":1,"12":1,"13":1,"14":1,"15":1,"16":1,"17":1,"18":1,"19":1,"20":1,"21":1,"22":1,"23":1,"24":0,"25":0,"26":1,"27":1,"28":1,"29":1,"30":1,"31":0,"32":0,"33":0,"34":0,"35":0,"36":0,"37":0,"38":0,"39":0,"40":0,"41":0,"42":0,"43":0,"44":0,"45":0,"46":0,"47":0,"48":0,"49":0,"50":1,"51":1,"52":2,"53":2,"54":2,"55":2,"56":2,"57":0,"58":0,"59":0,"60":2,"61":1,"62":1,"63":1},"f":{"0":1,"1":1,"2":1,"3":1,"4":2,"5":1},"b":{"0":[0,1],"1":[0,1],"2":[0,0],"3":[0,0],"4":[0,0],"5":[0,0],"6":[0,0],"7":[0,0],"8":[0,0],"9":[0,0,0],"10":[0,0],"11":[0,0],"12":[2,0],"13":[0,0],"14":[0,0],"15":[1,0]},"_coverageSchema":"1a1c01bbd47fc00a2c39e90264f33305004495a9","hash":"8ea15caab45b374401654ac5ed3d347f23d6a07c"}
,"C:\\Users\\admin\\Documents\\Latihan-Coding\\Hacktiv8\\phase2\\Individual Project\\IP-RMT60\\server\\controllers\\publicController.js": {"path":"C:\\Users\\admin\\Documents\\Latihan-Coding\\Hacktiv8\\phase2\\Individual Project\\IP-RMT60\\server\\controllers\\publicController.js","statementMap":{"0":{"start":{"line":1,"column":47},"end":{"line":1,"column":67}},"1":{"start":{"line":2,"column":15},"end":{"line":2,"column":35}},"2":{"start":{"line":6,"column":4},"end":{"line":25,"column":5}},"3":{"start":{"line":7,"column":25},"end":{"line":20,"column":8}},"4":{"start":{"line":22,"column":6},"end":{"line":22,"column":27}},"5":{"start":{"line":24,"column":6},"end":{"line":24,"column":16}},"6":{"start":{"line":29,"column":4},"end":{"line":54,"column":5}},"7":{"start":{"line":30,"column":21},"end":{"line":30,"column":31}},"8":{"start":{"line":32,"column":23},"end":{"line":45,"column":8}},"9":{"start":{"line":47,"column":6},"end":{"line":49,"column":7}},"10":{"start":{"line":48,"column":8},"end":{"line":48,"column":66}},"11":{"start":{"line":51,"column":6},"end":{"line":51,"column":25}},"12":{"start":{"line":53,"column":6},"end":{"line":53,"column":16}},"13":{"start":{"line":58,"column":4},"end":{"line":120,"column":5}},"14":{"start":{"line":68,"column":10},"end":{"line":68,"column":19}},"15":{"start":{"line":70,"column":21},"end":{"line":70,"column":39}},"16":{"start":{"line":73,"column":26},"end":{"line":73,"column":28}},"17":{"start":{"line":74,"column":6},"end":{"line":76,"column":7}},"18":{"start":{"line":75,"column":8},"end":{"line":75,"column":57}},"19":{"start":{"line":78,"column":6},"end":{"line":80,"column":7}},"20":{"start":{"line":79,"column":8},"end":{"line":79,"column":44}},"21":{"start":{"line":83,"column":6},"end":{"line":87,"column":7}},"22":{"start":{"line":84,"column":8},"end":{"line":84,"column":31}},"23":{"start":{"line":85,"column":8},"end":{"line":85,"column":59}},"24":{"start":{"line":85,"column":22},"end":{"line":85,"column":59}},"25":{"start":{"line":86,"column":8},"end":{"line":86,"column":59}},"26":{"start":{"line":86,"column":22},"end":{"line":86,"column":59}},"27":{"start":{"line":89,"column":30},"end":{"line":105,"column":8}},"28":{"start":{"line":108,"column":25},"end":{"line":108,"column":30}},"29":{"start":{"line":109,"column":25},"end":{"line":109,"column":54}},"30":{"start":{"line":111,"column":6},"end":{"line":116,"column":9}},"31":{"start":{"line":118,"column":26},"end":{"line":118,"column":109}},"32":{"start":{"line":119,"column":6},"end":{"line":119,"column":16}},"33":{"start":{"line":124,"column":4},"end":{"line":143,"column":5}},"34":{"start":{"line":125,"column":21},"end":{"line":125,"column":31}},"35":{"start":{"line":127,"column":22},"end":{"line":134,"column":8}},"36":{"start":{"line":136,"column":6},"end":{"line":138,"column":7}},"37":{"start":{"line":137,"column":8},"end":{"line":137,"column":65}},"38":{"start":{"line":140,"column":6},"end":{"line":140,"column":24}},"39":{"start":{"line":142,"column":6},"end":{"line":142,"column":16}},"40":{"start":{"line":147,"column":4},"end":{"line":201,"column":5}},"41":{"start":{"line":149,"column":31},"end":{"line":161,"column":8}},"42":{"start":{"line":164,"column":29},"end":{"line":176,"column":8}},"43":{"start":{"line":179,"column":32},"end":{"line":181,"column":8}},"44":{"start":{"line":184,"column":28},"end":{"line":184,"column":49}},"45":{"start":{"line":185,"column":30},"end":{"line":185,"column":52}},"46":{"start":{"line":186,"column":25},"end":{"line":186,"column":43}},"47":{"start":{"line":188,"column":6},"end":{"line":197,"column":9}},"48":{"start":{"line":199,"column":26},"end":{"line":199,"column":115}},"49":{"start":{"line":200,"column":6},"end":{"line":200,"column":16}},"50":{"start":{"line":205,"column":0},"end":{"line":205,"column":34}},"51":{"start":{"line":212,"column":85},"end":{"line":212,"column":40220}},"52":{"start":{"line":212,"column":89},"end":{"line":212,"column":40209}}},"fnMap":{"0":{"name":"(anonymous_0)","decl":{"start":{"line":5,"column":2},"end":{"line":5,"column":3}},"loc":{"start":{"line":5,"column":45},"end":{"line":26,"column":3}},"line":5},"1":{"name":"(anonymous_1)","decl":{"start":{"line":28,"column":2},"end":{"line":28,"column":3}},"loc":{"start":{"line":28,"column":47},"end":{"line":55,"column":3}},"line":28},"2":{"name":"(anonymous_2)","decl":{"start":{"line":57,"column":2},"end":{"line":57,"column":3}},"loc":{"start":{"line":57,"column":43},"end":{"line":121,"column":3}},"line":57},"3":{"name":"(anonymous_3)","decl":{"start":{"line":123,"column":2},"end":{"line":123,"column":3}},"loc":{"start":{"line":123,"column":46},"end":{"line":144,"column":3}},"line":123},"4":{"name":"(anonymous_4)","decl":{"start":{"line":146,"column":2},"end":{"line":146,"column":3}},"loc":{"start":{"line":146,"column":49},"end":{"line":202,"column":3}},"line":146},"5":{"name":"oo_cm","decl":{"start":{"line":212,"column":77},"end":{"line":212,"column":82}},"loc":{"start":{"line":212,"column":84},"end":{"line":212,"column":40221}},"line":212}},"branchMap":{"0":{"loc":{"start":{"line":47,"column":6},"end":{"line":49,"column":7}},"type":"if","locations":[{"start":{"line":47,"column":6},"end":{"line":49,"column":7}},{"start":{},"end":{}}],"line":47},"1":{"loc":{"start":{"line":60,"column":8},"end":{"line":60,"column":16}},"type":"default-arg","locations":[{"start":{"line":60,"column":15},"end":{"line":60,"column":16}}],"line":60},"2":{"loc":{"start":{"line":61,"column":8},"end":{"line":61,"column":17}},"type":"default-arg","locations":[{"start":{"line":61,"column":16},"end":{"line":61,"column":17}}],"line":61},"3":{"loc":{"start":{"line":62,"column":8},"end":{"line":62,"column":19}},"type":"default-arg","locations":[{"start":{"line":62,"column":17},"end":{"line":62,"column":19}}],"line":62},"4":{"loc":{"start":{"line":66,"column":8},"end":{"line":66,"column":28}},"type":"default-arg","locations":[{"start":{"line":66,"column":17},"end":{"line":66,"column":28}}],"line":66},"5":{"loc":{"start":{"line":67,"column":8},"end":{"line":67,"column":30}},"type":"default-arg","locations":[{"start":{"line":67,"column":24},"end":{"line":67,"column":30}}],"line":67},"6":{"loc":{"start":{"line":74,"column":6},"end":{"line":76,"column":7}},"type":"if","locations":[{"start":{"line":74,"column":6},"end":{"line":76,"column":7}},{"start":{},"end":{}}],"line":74},"7":{"loc":{"start":{"line":78,"column":6},"end":{"line":80,"column":7}},"type":"if","locations":[{"start":{"line":78,"column":6},"end":{"line":80,"column":7}},{"start":{},"end":{}}],"line":78},"8":{"loc":{"start":{"line":83,"column":6},"end":{"line":87,"column":7}},"type":"if","locations":[{"start":{"line":83,"column":6},"end":{"line":87,"column":7}},{"start":{},"end":{}}],"line":83},"9":{"loc":{"start":{"line":83,"column":10},"end":{"line":83,"column":30}},"type":"binary-expr","locations":[{"start":{"line":83,"column":10},"end":{"line":83,"column":18}},{"start":{"line":83,"column":22},"end":{"line":83,"column":30}}],"line":83},"10":{"loc":{"start":{"line":85,"column":8},"end":{"line":85,"column":59}},"type":"if","locations":[{"start":{"line":85,"column":8},"end":{"line":85,"column":59}},{"start":{},"end":{}}],"line":85},"11":{"loc":{"start":{"line":86,"column":8},"end":{"line":86,"column":59}},"type":"if","locations":[{"start":{"line":86,"column":8},"end":{"line":86,"column":59}},{"start":{},"end":{}}],"line":86},"12":{"loc":{"start":{"line":136,"column":6},"end":{"line":138,"column":7}},"type":"if","locations":[{"start":{"line":136,"column":6},"end":{"line":138,"column":7}},{"start":{},"end":{}}],"line":136},"13":{"loc":{"start":{"line":212,"column":96},"end":{"line":212,"column":40208}},"type":"binary-expr","locations":[{"start":{"line":212,"column":96},"end":{"line":212,"column":133}},{"start":{"line":212,"column":137},"end":{"line":212,"column":40208}}],"line":212}},"s":{"0":1,"1":1,"2":0,"3":0,"4":0,"5":0,"6":1,"7":1,"8":1,"9":0,"10":0,"11":0,"12":1,"13":0,"14":0,"15":0,"16":0,"17":0,"18":0,"19":0,"20":0,"21":0,"22":0,"23":0,"24":0,"25":0,"26":0,"27":0,"28":0,"29":0,"30":0,"31":0,"32":0,"33":7,"34":7,"35":7,"36":2,"37":1,"38":1,"39":6,"40":1,"41":1,"42":1,"43":1,"44":1,"45":1,"46":1,"47":1,"48":0,"49":0,"50":1,"51":0,"52":0},"f":{"0":0,"1":1,"2":0,"3":7,"4":1,"5":0},"b":{"0":[0,0],"1":[0],"2":[0],"3":[0],"4":[0],"5":[0],"6":[0,0],"7":[0,0],"8":[0,0],"9":[0,0],"10":[0,0],"11":[0,0],"12":[1,1],"13":[0,0]},"_coverageSchema":"1a1c01bbd47fc00a2c39e90264f33305004495a9","hash":"c7522537b5624cd9ba745b147785d6f7d3033f7c"}
,"C:\\Users\\admin\\Documents\\Latihan-Coding\\Hacktiv8\\phase2\\Individual Project\\IP-RMT60\\server\\controllers\\transactionController.js": {"path":"C:\\Users\\admin\\Documents\\Latihan-Coding\\Hacktiv8\\phase2\\Individual Project\\IP-RMT60\\server\\controllers\\transactionController.js","statementMap":{"0":{"start":{"line":1,"column":69},"end":{"line":1,"column":89}},"1":{"start":{"line":2,"column":23},"end":{"line":2,"column":38}},"2":{"start":{"line":7,"column":4},"end":{"line":37,"column":5}},"3":{"start":{"line":8,"column":47},"end":{"line":8,"column":56}},"4":{"start":{"line":9,"column":21},"end":{"line":9,"column":39}},"5":{"start":{"line":11,"column":26},"end":{"line":11,"column":28}},"6":{"start":{"line":12,"column":6},"end":{"line":14,"column":7}},"7":{"start":{"line":13,"column":8},"end":{"line":13,"column":36}},"8":{"start":{"line":16,"column":30},"end":{"line":25,"column":8}},"9":{"start":{"line":27,"column":25},"end":{"line":27,"column":49}},"10":{"start":{"line":29,"column":6},"end":{"line":34,"column":9}},"11":{"start":{"line":36,"column":6},"end":{"line":36,"column":16}},"12":{"start":{"line":42,"column":4},"end":{"line":60,"column":5}},"13":{"start":{"line":43,"column":21},"end":{"line":43,"column":32}},"14":{"start":{"line":45,"column":27},"end":{"line":55,"column":8}},"15":{"start":{"line":57,"column":6},"end":{"line":57,"column":41}},"16":{"start":{"line":59,"column":6},"end":{"line":59,"column":16}},"17":{"start":{"line":65,"column":4},"end":{"line":93,"column":5}},"18":{"start":{"line":66,"column":21},"end":{"line":66,"column":31}},"19":{"start":{"line":68,"column":26},"end":{"line":79,"column":8}},"20":{"start":{"line":81,"column":6},"end":{"line":83,"column":7}},"21":{"start":{"line":82,"column":8},"end":{"line":82,"column":69}},"22":{"start":{"line":86,"column":6},"end":{"line":88,"column":7}},"23":{"start":{"line":87,"column":8},"end":{"line":87,"column":101}},"24":{"start":{"line":90,"column":6},"end":{"line":90,"column":40}},"25":{"start":{"line":92,"column":6},"end":{"line":92,"column":16}},"26":{"start":{"line":98,"column":14},"end":{"line":98,"column":43}},"27":{"start":{"line":100,"column":4},"end":{"line":158,"column":5}},"28":{"start":{"line":101,"column":21},"end":{"line":101,"column":32}},"29":{"start":{"line":102,"column":33},"end":{"line":102,"column":41}},"30":{"start":{"line":105,"column":19},"end":{"line":110,"column":8}},"31":{"start":{"line":112,"column":6},"end":{"line":114,"column":7}},"32":{"start":{"line":113,"column":8},"end":{"line":113,"column":63}},"33":{"start":{"line":117,"column":27},"end":{"line":117,"column":82}},"34":{"start":{"line":117,"column":54},"end":{"line":117,"column":78}},"35":{"start":{"line":120,"column":26},"end":{"line":125,"column":28}},"36":{"start":{"line":128,"column":33},"end":{"line":132,"column":9}},"37":{"start":{"line":128,"column":51},"end":{"line":132,"column":7}},"38":{"start":{"line":134,"column":6},"end":{"line":134,"column":81}},"39":{"start":{"line":137,"column":6},"end":{"line":140,"column":9}},"40":{"start":{"line":142,"column":6},"end":{"line":142,"column":23}},"41":{"start":{"line":145,"column":29},"end":{"line":152,"column":8}},"42":{"start":{"line":154,"column":6},"end":{"line":154,"column":43}},"43":{"start":{"line":156,"column":6},"end":{"line":156,"column":25}},"44":{"start":{"line":157,"column":6},"end":{"line":157,"column":16}},"45":{"start":{"line":163,"column":4},"end":{"line":184,"column":5}},"46":{"start":{"line":164,"column":21},"end":{"line":164,"column":31}},"47":{"start":{"line":165,"column":25},"end":{"line":165,"column":33}},"48":{"start":{"line":167,"column":26},"end":{"line":167,"column":56}},"49":{"start":{"line":169,"column":6},"end":{"line":171,"column":7}},"50":{"start":{"line":170,"column":8},"end":{"line":170,"column":69}},"51":{"start":{"line":174,"column":26},"end":{"line":174,"column":77}},"52":{"start":{"line":175,"column":6},"end":{"line":177,"column":7}},"53":{"start":{"line":176,"column":8},"end":{"line":176,"column":64}},"54":{"start":{"line":179,"column":6},"end":{"line":179,"column":43}},"55":{"start":{"line":181,"column":6},"end":{"line":181,"column":40}},"56":{"start":{"line":183,"column":6},"end":{"line":183,"column":16}},"57":{"start":{"line":188,"column":0},"end":{"line":188,"column":39}}},"fnMap":{"0":{"name":"(anonymous_0)","decl":{"start":{"line":6,"column":2},"end":{"line":6,"column":3}},"loc":{"start":{"line":6,"column":50},"end":{"line":38,"column":3}},"line":6},"1":{"name":"(anonymous_1)","decl":{"start":{"line":41,"column":2},"end":{"line":41,"column":3}},"loc":{"start":{"line":41,"column":51},"end":{"line":61,"column":3}},"line":41},"2":{"name":"(anonymous_2)","decl":{"start":{"line":64,"column":2},"end":{"line":64,"column":3}},"loc":{"start":{"line":64,"column":50},"end":{"line":94,"column":3}},"line":64},"3":{"name":"(anonymous_3)","decl":{"start":{"line":97,"column":2},"end":{"line":97,"column":3}},"loc":{"start":{"line":97,"column":49},"end":{"line":159,"column":3}},"line":97},"4":{"name":"(anonymous_4)","decl":{"start":{"line":117,"column":39},"end":{"line":117,"column":40}},"loc":{"start":{"line":117,"column":54},"end":{"line":117,"column":78}},"line":117},"5":{"name":"(anonymous_5)","decl":{"start":{"line":128,"column":42},"end":{"line":128,"column":43}},"loc":{"start":{"line":128,"column":51},"end":{"line":132,"column":7}},"line":128},"6":{"name":"(anonymous_6)","decl":{"start":{"line":162,"column":2},"end":{"line":162,"column":3}},"loc":{"start":{"line":162,"column":55},"end":{"line":185,"column":3}},"line":162}},"branchMap":{"0":{"loc":{"start":{"line":8,"column":14},"end":{"line":8,"column":22}},"type":"default-arg","locations":[{"start":{"line":8,"column":21},"end":{"line":8,"column":22}}],"line":8},"1":{"loc":{"start":{"line":8,"column":24},"end":{"line":8,"column":34}},"type":"default-arg","locations":[{"start":{"line":8,"column":32},"end":{"line":8,"column":34}}],"line":8},"2":{"loc":{"start":{"line":12,"column":6},"end":{"line":14,"column":7}},"type":"if","locations":[{"start":{"line":12,"column":6},"end":{"line":14,"column":7}},{"start":{},"end":{}}],"line":12},"3":{"loc":{"start":{"line":81,"column":6},"end":{"line":83,"column":7}},"type":"if","locations":[{"start":{"line":81,"column":6},"end":{"line":83,"column":7}},{"start":{},"end":{}}],"line":81},"4":{"loc":{"start":{"line":86,"column":6},"end":{"line":88,"column":7}},"type":"if","locations":[{"start":{"line":86,"column":6},"end":{"line":88,"column":7}},{"start":{},"end":{}}],"line":86},"5":{"loc":{"start":{"line":86,"column":10},"end":{"line":86,"column":73}},"type":"binary-expr","locations":[{"start":{"line":86,"column":10},"end":{"line":86,"column":44}},{"start":{"line":86,"column":48},"end":{"line":86,"column":73}}],"line":86},"6":{"loc":{"start":{"line":112,"column":6},"end":{"line":114,"column":7}},"type":"if","locations":[{"start":{"line":112,"column":6},"end":{"line":114,"column":7}},{"start":{},"end":{}}],"line":112},"7":{"loc":{"start":{"line":169,"column":6},"end":{"line":171,"column":7}},"type":"if","locations":[{"start":{"line":169,"column":6},"end":{"line":171,"column":7}},{"start":{},"end":{}}],"line":169},"8":{"loc":{"start":{"line":175,"column":6},"end":{"line":177,"column":7}},"type":"if","locations":[{"start":{"line":175,"column":6},"end":{"line":177,"column":7}},{"start":{},"end":{}}],"line":175}},"s":{"0":1,"1":1,"2":1,"3":1,"4":1,"5":1,"6":1,"7":0,"8":1,"9":1,"10":1,"11":0,"12":1,"13":1,"14":1,"15":1,"16":0,"17":2,"18":2,"19":2,"20":1,"21":0,"22":1,"23":0,"24":1,"25":1,"26":4,"27":4,"28":4,"29":4,"30":4,"31":0,"32":0,"33":0,"34":0,"35":0,"36":0,"37":0,"38":0,"39":0,"40":0,"41":0,"42":0,"43":4,"44":4,"45":1,"46":1,"47":1,"48":1,"49":1,"50":0,"51":1,"52":1,"53":0,"54":1,"55":1,"56":0,"57":1},"f":{"0":1,"1":1,"2":2,"3":4,"4":0,"5":0,"6":1},"b":{"0":[1],"1":[1],"2":[0,1],"3":[0,1],"4":[0,1],"5":[1,0],"6":[0,0],"7":[0,1],"8":[0,1]},"_coverageSchema":"1a1c01bbd47fc00a2c39e90264f33305004495a9","hash":"9e3c8d5ad3e85ea281f6e59af6f03add9358cbee"}
,"C:\\Users\\admin\\Documents\\Latihan-Coding\\Hacktiv8\\phase2\\Individual Project\\IP-RMT60\\server\\controllers\\userController.js": {"path":"C:\\Users\\admin\\Documents\\Latihan-Coding\\Hacktiv8\\phase2\\Individual Project\\IP-RMT60\\server\\controllers\\userController.js","statementMap":{"0":{"start":{"line":1,"column":17},"end":{"line":1,"column":37}},"1":{"start":{"line":2,"column":42},"end":{"line":2,"column":70}},"2":{"start":{"line":3,"column":26},"end":{"line":3,"column":51}},"3":{"start":{"line":4,"column":25},"end":{"line":4,"column":55}},"4":{"start":{"line":5,"column":15},"end":{"line":5,"column":35}},"5":{"start":{"line":6,"column":15},"end":{"line":6,"column":33}},"6":{"start":{"line":9,"column":4},"end":{"line":42,"column":5}},"7":{"start":{"line":10,"column":27},"end":{"line":10,"column":35}},"8":{"start":{"line":11,"column":21},"end":{"line":14,"column":8}},"9":{"start":{"line":15,"column":22},"end":{"line":15,"column":41}},"10":{"start":{"line":17,"column":26},"end":{"line":17,"column":83}},"11":{"start":{"line":19,"column":17},"end":{"line":19,"column":72}},"12":{"start":{"line":20,"column":6},"end":{"line":29,"column":7}},"13":{"start":{"line":21,"column":8},"end":{"line":28,"column":11}},"14":{"start":{"line":30,"column":27},"end":{"line":30,"column":57}},"15":{"start":{"line":31,"column":6},"end":{"line":39,"column":9}},"16":{"start":{"line":41,"column":6},"end":{"line":41,"column":16}},"17":{"start":{"line":46,"column":4},"end":{"line":67,"column":5}},"18":{"start":{"line":47,"column":66},"end":{"line":47,"column":74}},"19":{"start":{"line":50,"column":22},"end":{"line":57,"column":8}},"20":{"start":{"line":59,"column":6},"end":{"line":64,"column":9}},"21":{"start":{"line":66,"column":6},"end":{"line":66,"column":16}},"22":{"start":{"line":71,"column":4},"end":{"line":108,"column":5}},"23":{"start":{"line":72,"column":34},"end":{"line":72,"column":42}},"24":{"start":{"line":74,"column":6},"end":{"line":79,"column":7}},"25":{"start":{"line":75,"column":8},"end":{"line":78,"column":10}},"26":{"start":{"line":81,"column":19},"end":{"line":81,"column":59}},"27":{"start":{"line":82,"column":6},"end":{"line":84,"column":7}},"28":{"start":{"line":83,"column":8},"end":{"line":83,"column":77}},"29":{"start":{"line":86,"column":30},"end":{"line":86,"column":70}},"30":{"start":{"line":87,"column":6},"end":{"line":89,"column":7}},"31":{"start":{"line":88,"column":8},"end":{"line":88,"column":77}},"32":{"start":{"line":91,"column":22},"end":{"line":95,"column":7}},"33":{"start":{"line":97,"column":27},"end":{"line":97,"column":49}},"34":{"start":{"line":99,"column":6},"end":{"line":105,"column":9}},"35":{"start":{"line":107,"column":6},"end":{"line":107,"column":16}},"36":{"start":{"line":112,"column":4},"end":{"line":121,"column":5}},"37":{"start":{"line":113,"column":21},"end":{"line":113,"column":32}},"38":{"start":{"line":114,"column":19},"end":{"line":116,"column":8}},"39":{"start":{"line":118,"column":6},"end":{"line":118,"column":33}},"40":{"start":{"line":120,"column":6},"end":{"line":120,"column":16}},"41":{"start":{"line":126,"column":4},"end":{"line":158,"column":5}},"42":{"start":{"line":127,"column":19},"end":{"line":127,"column":48}},"43":{"start":{"line":128,"column":20},"end":{"line":128,"column":51}},"44":{"start":{"line":129,"column":21},"end":{"line":129,"column":43}},"45":{"start":{"line":130,"column":21},"end":{"line":130,"column":39}},"46":{"start":{"line":132,"column":26},"end":{"line":132,"column":28}},"47":{"start":{"line":133,"column":6},"end":{"line":138,"column":7}},"48":{"start":{"line":134,"column":8},"end":{"line":137,"column":10}},"49":{"start":{"line":140,"column":30},"end":{"line":146,"column":8}},"50":{"start":{"line":148,"column":25},"end":{"line":148,"column":49}},"51":{"start":{"line":150,"column":6},"end":{"line":155,"column":9}},"52":{"start":{"line":157,"column":6},"end":{"line":157,"column":16}},"53":{"start":{"line":163,"column":4},"end":{"line":191,"column":5}},"54":{"start":{"line":164,"column":62},"end":{"line":164,"column":70}},"55":{"start":{"line":167,"column":29},"end":{"line":167,"column":65}},"56":{"start":{"line":168,"column":29},"end":{"line":168,"column":57}},"57":{"start":{"line":170,"column":19},"end":{"line":177,"column":8}},"58":{"start":{"line":180,"column":27},"end":{"line":180,"column":40}},"59":{"start":{"line":181,"column":6},"end":{"line":181,"column":35}},"60":{"start":{"line":185,"column":6},"end":{"line":188,"column":9}},"61":{"start":{"line":190,"column":6},"end":{"line":190,"column":16}},"62":{"start":{"line":196,"column":4},"end":{"line":221,"column":5}},"63":{"start":{"line":197,"column":21},"end":{"line":197,"column":31}},"64":{"start":{"line":198,"column":62},"end":{"line":198,"column":70}},"65":{"start":{"line":200,"column":19},"end":{"line":200,"column":42}},"66":{"start":{"line":201,"column":6},"end":{"line":203,"column":7}},"67":{"start":{"line":202,"column":8},"end":{"line":202,"column":62}},"68":{"start":{"line":206,"column":6},"end":{"line":212,"column":9}},"69":{"start":{"line":215,"column":27},"end":{"line":215,"column":40}},"70":{"start":{"line":216,"column":6},"end":{"line":216,"column":35}},"71":{"start":{"line":218,"column":6},"end":{"line":218,"column":41}},"72":{"start":{"line":220,"column":6},"end":{"line":220,"column":16}},"73":{"start":{"line":226,"column":4},"end":{"line":244,"column":5}},"74":{"start":{"line":227,"column":21},"end":{"line":227,"column":31}},"75":{"start":{"line":229,"column":19},"end":{"line":229,"column":42}},"76":{"start":{"line":230,"column":6},"end":{"line":232,"column":7}},"77":{"start":{"line":231,"column":8},"end":{"line":231,"column":62}},"78":{"start":{"line":235,"column":6},"end":{"line":237,"column":7}},"79":{"start":{"line":236,"column":8},"end":{"line":236,"column":74}},"80":{"start":{"line":239,"column":6},"end":{"line":239,"column":27}},"81":{"start":{"line":241,"column":6},"end":{"line":241,"column":69}},"82":{"start":{"line":243,"column":6},"end":{"line":243,"column":16}},"83":{"start":{"line":248,"column":0},"end":{"line":248,"column":32}},"84":{"start":{"line":255,"column":85},"end":{"line":255,"column":40220}},"85":{"start":{"line":255,"column":89},"end":{"line":255,"column":40209}}},"fnMap":{"0":{"name":"(anonymous_0)","decl":{"start":{"line":8,"column":2},"end":{"line":8,"column":3}},"loc":{"start":{"line":8,"column":43},"end":{"line":43,"column":3}},"line":8},"1":{"name":"(anonymous_1)","decl":{"start":{"line":45,"column":2},"end":{"line":45,"column":3}},"loc":{"start":{"line":45,"column":40},"end":{"line":68,"column":3}},"line":45},"2":{"name":"(anonymous_2)","decl":{"start":{"line":70,"column":2},"end":{"line":70,"column":3}},"loc":{"start":{"line":70,"column":37},"end":{"line":109,"column":3}},"line":70},"3":{"name":"(anonymous_3)","decl":{"start":{"line":111,"column":2},"end":{"line":111,"column":3}},"loc":{"start":{"line":111,"column":46},"end":{"line":122,"column":3}},"line":111},"4":{"name":"(anonymous_4)","decl":{"start":{"line":125,"column":2},"end":{"line":125,"column":3}},"loc":{"start":{"line":125,"column":43},"end":{"line":159,"column":3}},"line":125},"5":{"name":"(anonymous_5)","decl":{"start":{"line":162,"column":2},"end":{"line":162,"column":3}},"loc":{"start":{"line":162,"column":42},"end":{"line":192,"column":3}},"line":162},"6":{"name":"(anonymous_6)","decl":{"start":{"line":195,"column":2},"end":{"line":195,"column":3}},"loc":{"start":{"line":195,"column":42},"end":{"line":222,"column":3}},"line":195},"7":{"name":"(anonymous_7)","decl":{"start":{"line":225,"column":2},"end":{"line":225,"column":3}},"loc":{"start":{"line":225,"column":42},"end":{"line":245,"column":3}},"line":225},"8":{"name":"oo_cm","decl":{"start":{"line":255,"column":77},"end":{"line":255,"column":82}},"loc":{"start":{"line":255,"column":84},"end":{"line":255,"column":40221}},"line":255}},"branchMap":{"0":{"loc":{"start":{"line":20,"column":6},"end":{"line":29,"column":7}},"type":"if","locations":[{"start":{"line":20,"column":6},"end":{"line":29,"column":7}},{"start":{},"end":{}}],"line":20},"1":{"loc":{"start":{"line":26,"column":23},"end":{"line":26,"column":58}},"type":"binary-expr","locations":[{"start":{"line":26,"column":23},"end":{"line":26,"column":42}},{"start":{"line":26,"column":46},"end":{"line":26,"column":58}}],"line":26},"2":{"loc":{"start":{"line":27,"column":19},"end":{"line":27,"column":47}},"type":"binary-expr","locations":[{"start":{"line":27,"column":19},"end":{"line":27,"column":34}},{"start":{"line":27,"column":38},"end":{"line":27,"column":47}}],"line":27},"3":{"loc":{"start":{"line":74,"column":6},"end":{"line":79,"column":7}},"type":"if","locations":[{"start":{"line":74,"column":6},"end":{"line":79,"column":7}},{"start":{},"end":{}}],"line":74},"4":{"loc":{"start":{"line":74,"column":10},"end":{"line":74,"column":29}},"type":"binary-expr","locations":[{"start":{"line":74,"column":10},"end":{"line":74,"column":16}},{"start":{"line":74,"column":20},"end":{"line":74,"column":29}}],"line":74},"5":{"loc":{"start":{"line":82,"column":6},"end":{"line":84,"column":7}},"type":"if","locations":[{"start":{"line":82,"column":6},"end":{"line":84,"column":7}},{"start":{},"end":{}}],"line":82},"6":{"loc":{"start":{"line":87,"column":6},"end":{"line":89,"column":7}},"type":"if","locations":[{"start":{"line":87,"column":6},"end":{"line":89,"column":7}},{"start":{},"end":{}}],"line":87},"7":{"loc":{"start":{"line":127,"column":19},"end":{"line":127,"column":48}},"type":"binary-expr","locations":[{"start":{"line":127,"column":19},"end":{"line":127,"column":43}},{"start":{"line":127,"column":47},"end":{"line":127,"column":48}}],"line":127},"8":{"loc":{"start":{"line":128,"column":20},"end":{"line":128,"column":51}},"type":"binary-expr","locations":[{"start":{"line":128,"column":20},"end":{"line":128,"column":45}},{"start":{"line":128,"column":49},"end":{"line":128,"column":51}}],"line":128},"9":{"loc":{"start":{"line":129,"column":21},"end":{"line":129,"column":43}},"type":"binary-expr","locations":[{"start":{"line":129,"column":21},"end":{"line":129,"column":37}},{"start":{"line":129,"column":41},"end":{"line":129,"column":43}}],"line":129},"10":{"loc":{"start":{"line":133,"column":6},"end":{"line":138,"column":7}},"type":"if","locations":[{"start":{"line":133,"column":6},"end":{"line":138,"column":7}},{"start":{},"end":{}}],"line":133},"11":{"loc":{"start":{"line":174,"column":14},"end":{"line":174,"column":28}},"type":"binary-expr","locations":[{"start":{"line":174,"column":14},"end":{"line":174,"column":18}},{"start":{"line":174,"column":22},"end":{"line":174,"column":28}}],"line":174},"12":{"loc":{"start":{"line":201,"column":6},"end":{"line":203,"column":7}},"type":"if","locations":[{"start":{"line":201,"column":6},"end":{"line":203,"column":7}},{"start":{},"end":{}}],"line":201},"13":{"loc":{"start":{"line":230,"column":6},"end":{"line":232,"column":7}},"type":"if","locations":[{"start":{"line":230,"column":6},"end":{"line":232,"column":7}},{"start":{},"end":{}}],"line":230},"14":{"loc":{"start":{"line":235,"column":6},"end":{"line":237,"column":7}},"type":"if","locations":[{"start":{"line":235,"column":6},"end":{"line":237,"column":7}},{"start":{},"end":{}}],"line":235},"15":{"loc":{"start":{"line":255,"column":96},"end":{"line":255,"column":40208}},"type":"binary-expr","locations":[{"start":{"line":255,"column":96},"end":{"line":255,"column":133}},{"start":{"line":255,"column":137},"end":{"line":255,"column":40208}}],"line":255}},"s":{"0":1,"1":1,"2":1,"3":1,"4":1,"5":1,"6":0,"7":0,"8":0,"9":0,"10":0,"11":0,"12":0,"13":0,"14":0,"15":0,"16":0,"17":5,"18":5,"19":5,"20":2,"21":3,"22":4,"23":4,"24":4,"25":1,"26":3,"27":3,"28":1,"29":2,"30":2,"31":1,"32":1,"33":1,"34":1,"35":3,"36":1,"37":1,"38":1,"39":1,"40":0,"41":2,"42":2,"43":2,"44":2,"45":2,"46":2,"47":2,"48":0,"49":2,"50":2,"51":2,"52":0,"53":1,"54":1,"55":1,"56":1,"57":1,"58":0,"59":0,"60":0,"61":1,"62":0,"63":0,"64":0,"65":0,"66":0,"67":0,"68":0,"69":0,"70":0,"71":0,"72":0,"73":0,"74":0,"75":0,"76":0,"77":0,"78":0,"79":0,"80":0,"81":0,"82":0,"83":1,"84":0,"85":0},"f":{"0":0,"1":5,"2":4,"3":1,"4":2,"5":1,"6":0,"7":0,"8":0},"b":{"0":[0,0],"1":[0,0],"2":[0,0],"3":[1,3],"4":[4,3],"5":[1,2],"6":[1,1],"7":[2,2],"8":[2,2],"9":[2,2],"10":[0,2],"11":[1,0],"12":[0,0],"13":[0,0],"14":[0,0],"15":[0,0]},"_coverageSchema":"1a1c01bbd47fc00a2c39e90264f33305004495a9","hash":"be6362b108d30463013f830da02671f5922cefaa"}
,"C:\\Users\\admin\\Documents\\Latihan-Coding\\Hacktiv8\\phase2\\Individual Project\\IP-RMT60\\server\\helpers\\bcrypt.js": {"path":"C:\\Users\\admin\\Documents\\Latihan-Coding\\Hacktiv8\\phase2\\Individual Project\\IP-RMT60\\server\\helpers\\bcrypt.js","statementMap":{"0":{"start":{"line":1,"column":15},"end":{"line":1,"column":34}},"1":{"start":{"line":2,"column":21},"end":{"line":5,"column":1}},"2":{"start":{"line":3,"column":15},"end":{"line":3,"column":37}},"3":{"start":{"line":4,"column":2},"end":{"line":4,"column":41}},"4":{"start":{"line":7,"column":24},"end":{"line":9,"column":1}},"5":{"start":{"line":8,"column":2},"end":{"line":8,"column":54}},"6":{"start":{"line":11,"column":0},"end":{"line":11,"column":51}}},"fnMap":{"0":{"name":"(anonymous_0)","decl":{"start":{"line":2,"column":21},"end":{"line":2,"column":22}},"loc":{"start":{"line":2,"column":35},"end":{"line":5,"column":1}},"line":2},"1":{"name":"(anonymous_1)","decl":{"start":{"line":7,"column":24},"end":{"line":7,"column":25}},"loc":{"start":{"line":7,"column":54},"end":{"line":9,"column":1}},"line":7}},"branchMap":{},"s":{"0":1,"1":1,"2":5,"3":5,"4":1,"5":2,"6":1},"f":{"0":5,"1":2},"b":{},"_coverageSchema":"1a1c01bbd47fc00a2c39e90264f33305004495a9","hash":"2bd21ffb9b94148f4e4046a49fbe200ba8dbad4e"}
,"C:\\Users\\admin\\Documents\\Latihan-Coding\\Hacktiv8\\phase2\\Individual Project\\IP-RMT60\\server\\helpers\\dialogflow.js": {"path":"C:\\Users\\admin\\Documents\\Latihan-Coding\\Hacktiv8\\phase2\\Individual Project\\IP-RMT60\\server\\helpers\\dialogflow.js","statementMap":{"0":{"start":{"line":1,"column":19},"end":{"line":1,"column":54}},"1":{"start":{"line":2,"column":23},"end":{"line":2,"column":38}},"2":{"start":{"line":4,"column":20},"end":{"line":4,"column":57}},"3":{"start":{"line":5,"column":20},"end":{"line":5,"column":79}},"4":{"start":{"line":7,"column":18},"end":{"line":7,"column":40}},"5":{"start":{"line":10,"column":22},"end":{"line":12,"column":2}},"6":{"start":{"line":20,"column":32},"end":{"line":58,"column":1}},"7":{"start":{"line":21,"column":2},"end":{"line":57,"column":3}},"8":{"start":{"line":23,"column":27},"end":{"line":23,"column":48}},"9":{"start":{"line":24,"column":24},"end":{"line":24,"column":124}},"10":{"start":{"line":26,"column":24},"end":{"line":29,"column":5}},"11":{"start":{"line":31,"column":20},"end":{"line":39,"column":5}},"12":{"start":{"line":41,"column":24},"end":{"line":41,"column":108}},"13":{"start":{"line":42,"column":22},"end":{"line":42,"column":63}},"14":{"start":{"line":43,"column":19},"end":{"line":43,"column":43}},"15":{"start":{"line":45,"column":24},"end":{"line":45,"column":135}},"16":{"start":{"line":46,"column":24},"end":{"line":46,"column":116}},"17":{"start":{"line":48,"column":4},"end":{"line":53,"column":6}},"18":{"start":{"line":55,"column":24},"end":{"line":55,"column":110}},"19":{"start":{"line":56,"column":4},"end":{"line":56,"column":76}},"20":{"start":{"line":60,"column":0},"end":{"line":60,"column":45}},"21":{"start":{"line":67,"column":85},"end":{"line":67,"column":40220}},"22":{"start":{"line":67,"column":89},"end":{"line":67,"column":40209}}},"fnMap":{"0":{"name":"(anonymous_0)","decl":{"start":{"line":20,"column":32},"end":{"line":20,"column":33}},"loc":{"start":{"line":20,"column":70},"end":{"line":58,"column":1}},"line":20},"1":{"name":"oo_cm","decl":{"start":{"line":67,"column":77},"end":{"line":67,"column":82}},"loc":{"start":{"line":67,"column":84},"end":{"line":67,"column":40221}},"line":67}},"branchMap":{"0":{"loc":{"start":{"line":20,"column":45},"end":{"line":20,"column":65}},"type":"default-arg","locations":[{"start":{"line":20,"column":57},"end":{"line":20,"column":65}}],"line":20},"1":{"loc":{"start":{"line":23,"column":27},"end":{"line":23,"column":48}},"type":"binary-expr","locations":[{"start":{"line":23,"column":27},"end":{"line":23,"column":36}},{"start":{"line":23,"column":40},"end":{"line":23,"column":48}}],"line":23},"2":{"loc":{"start":{"line":45,"column":91},"end":{"line":45,"column":130}},"type":"binary-expr","locations":[{"start":{"line":45,"column":91},"end":{"line":45,"column":117}},{"start":{"line":45,"column":121},"end":{"line":45,"column":130}}],"line":45},"3":{"loc":{"start":{"line":50,"column":14},"end":{"line":50,"column":46}},"type":"binary-expr","locations":[{"start":{"line":50,"column":14},"end":{"line":50,"column":40}},{"start":{"line":50,"column":44},"end":{"line":50,"column":46}}],"line":50},"4":{"loc":{"start":{"line":51,"column":18},"end":{"line":51,"column":49}},"type":"binary-expr","locations":[{"start":{"line":51,"column":18},"end":{"line":51,"column":43}},{"start":{"line":51,"column":47},"end":{"line":51,"column":49}}],"line":51},"5":{"loc":{"start":{"line":67,"column":96},"end":{"line":67,"column":40208}},"type":"binary-expr","locations":[{"start":{"line":67,"column":96},"end":{"line":67,"column":133}},{"start":{"line":67,"column":137},"end":{"line":67,"column":40208}}],"line":67}},"s":{"0":1,"1":1,"2":1,"3":1,"4":1,"5":1,"6":1,"7":2,"8":2,"9":2,"10":2,"11":2,"12":2,"13":2,"14":2,"15":2,"16":2,"17":2,"18":0,"19":0,"20":1,"21":9,"22":9},"f":{"0":2,"1":9},"b":{"0":[0],"1":[2,0],"2":[2,0],"3":[2,0],"4":[2,0],"5":[9,1]},"_coverageSchema":"1a1c01bbd47fc00a2c39e90264f33305004495a9","hash":"76d1792f225fd3e66951478208f6278f0e8256fe"}
,"C:\\Users\\admin\\Documents\\Latihan-Coding\\Hacktiv8\\phase2\\Individual Project\\IP-RMT60\\server\\helpers\\jwt.js": {"path":"C:\\Users\\admin\\Documents\\Latihan-Coding\\Hacktiv8\\phase2\\Individual Project\\IP-RMT60\\server\\helpers\\jwt.js","statementMap":{"0":{"start":{"line":1,"column":12},"end":{"line":1,"column":35}},"1":{"start":{"line":3,"column":19},"end":{"line":3,"column":41}},"2":{"start":{"line":5,"column":22},"end":{"line":7,"column":1}},"3":{"start":{"line":6,"column":2},"end":{"line":6,"column":39}},"4":{"start":{"line":9,"column":20},"end":{"line":11,"column":1}},"5":{"start":{"line":10,"column":2},"end":{"line":10,"column":39}},"6":{"start":{"line":13,"column":0},"end":{"line":13,"column":48}}},"fnMap":{"0":{"name":"(anonymous_0)","decl":{"start":{"line":5,"column":22},"end":{"line":5,"column":23}},"loc":{"start":{"line":5,"column":35},"end":{"line":7,"column":1}},"line":5},"1":{"name":"(anonymous_1)","decl":{"start":{"line":9,"column":20},"end":{"line":9,"column":21}},"loc":{"start":{"line":9,"column":31},"end":{"line":11,"column":1}},"line":9}},"branchMap":{},"s":{"0":1,"1":1,"2":1,"3":1,"4":1,"5":60,"6":1},"f":{"0":1,"1":60},"b":{},"_coverageSchema":"1a1c01bbd47fc00a2c39e90264f33305004495a9","hash":"d0474c06101dc0b89fa19c7d979809c8cb1a49d3"}
,"C:\\Users\\admin\\Documents\\Latihan-Coding\\Hacktiv8\\phase2\\Individual Project\\IP-RMT60\\server\\helpers\\midtrans.js": {"path":"C:\\Users\\admin\\Documents\\Latihan-Coding\\Hacktiv8\\phase2\\Individual Project\\IP-RMT60\\server\\helpers\\midtrans.js","statementMap":{"0":{"start":{"line":1,"column":23},"end":{"line":1,"column":49}},"1":{"start":{"line":4,"column":13},"end":{"line":8,"column":2}},"2":{"start":{"line":11,"column":16},"end":{"line":15,"column":2}},"3":{"start":{"line":18,"column":27},"end":{"line":51,"column":1}},"4":{"start":{"line":19,"column":53},"end":{"line":19,"column":64}},"5":{"start":{"line":21,"column":20},"end":{"line":39,"column":3}},"6":{"start":{"line":41,"column":2},"end":{"line":50,"column":3}},"7":{"start":{"line":42,"column":24},"end":{"line":42,"column":63}},"8":{"start":{"line":43,"column":4},"end":{"line":46,"column":6}},"9":{"start":{"line":48,"column":24},"end":{"line":48,"column":122}},"10":{"start":{"line":49,"column":4},"end":{"line":49,"column":16}},"11":{"start":{"line":54,"column":27},"end":{"line":74,"column":1}},"12":{"start":{"line":55,"column":2},"end":{"line":73,"column":3}},"13":{"start":{"line":56,"column":27},"end":{"line":56,"column":83}},"14":{"start":{"line":57,"column":20},"end":{"line":57,"column":43}},"15":{"start":{"line":58,"column":30},"end":{"line":58,"column":63}},"16":{"start":{"line":59,"column":24},"end":{"line":59,"column":51}},"17":{"start":{"line":61,"column":24},"end":{"line":61,"column":204}},"18":{"start":{"line":64,"column":4},"end":{"line":69,"column":6}},"19":{"start":{"line":71,"column":24},"end":{"line":71,"column":114}},"20":{"start":{"line":72,"column":4},"end":{"line":72,"column":16}},"21":{"start":{"line":76,"column":0},"end":{"line":79,"column":2}},"22":{"start":{"line":86,"column":85},"end":{"line":86,"column":40220}},"23":{"start":{"line":86,"column":89},"end":{"line":86,"column":40209}}},"fnMap":{"0":{"name":"(anonymous_0)","decl":{"start":{"line":18,"column":27},"end":{"line":18,"column":28}},"loc":{"start":{"line":18,"column":50},"end":{"line":51,"column":1}},"line":18},"1":{"name":"(anonymous_1)","decl":{"start":{"line":54,"column":27},"end":{"line":54,"column":28}},"loc":{"start":{"line":54,"column":55},"end":{"line":74,"column":1}},"line":54},"2":{"name":"oo_cm","decl":{"start":{"line":86,"column":77},"end":{"line":86,"column":82}},"loc":{"start":{"line":86,"column":84},"end":{"line":86,"column":40221}},"line":86}},"branchMap":{"0":{"loc":{"start":{"line":30,"column":18},"end":{"line":30,"column":45}},"type":"binary-expr","locations":[{"start":{"line":30,"column":18},"end":{"line":30,"column":31}},{"start":{"line":30,"column":35},"end":{"line":30,"column":45}}],"line":30},"1":{"loc":{"start":{"line":32,"column":13},"end":{"line":32,"column":35}},"type":"binary-expr","locations":[{"start":{"line":32,"column":13},"end":{"line":32,"column":29}},{"start":{"line":32,"column":33},"end":{"line":32,"column":35}}],"line":32},"2":{"loc":{"start":{"line":86,"column":96},"end":{"line":86,"column":40208}},"type":"binary-expr","locations":[{"start":{"line":86,"column":96},"end":{"line":86,"column":133}},{"start":{"line":86,"column":137},"end":{"line":86,"column":40208}}],"line":86}},"s":{"0":1,"1":1,"2":1,"3":1,"4":1,"5":1,"6":1,"7":1,"8":0,"9":1,"10":1,"11":1,"12":1,"13":1,"14":0,"15":0,"16":0,"17":0,"18":0,"19":1,"20":1,"21":1,"22":2,"23":2},"f":{"0":1,"1":1,"2":2},"b":{"0":[1,0],"1":[1,0],"2":[2,0]},"_coverageSchema":"1a1c01bbd47fc00a2c39e90264f33305004495a9","hash":"8e68e760fe1b16f3a15c43cf9605261de61d90a9"}
[...]
,"C:\\Users\\admin\\Documents\\Latihan-Coding\\Hacktiv8\\phase2\\Individual Project\\IP-RMT60\\server\\models\\transaction.js": {"path":"C:\\Users\\admin\\Documents\\Latihan-Coding\\Hacktiv8\\phase2\\Individual Project\\IP-RMT60\\server\\models\\transaction.js","statementMap":{"0":{"start":{"line":2,"column":18},"end":{"line":2,"column":38}},"1":{"start":{"line":3,"column":0},"end":{"line":83,"column":2}},"2":{"start":{"line":6,"column":6},"end":{"line":6,"column":67}},"3":{"start":{"line":7,"column":6},"end":{"line":9,"column":9}},"4":{"start":{"line":12,"column":6},"end":{"line":16,"column":9}},"5":{"start":{"line":19,"column":2},"end":{"line":72,"column":4}},"6":{"start":{"line":73,"column":2},"end":{"line":81,"column":5}},"7":{"start":{"line":74,"column":4},"end":{"line":80,"column":5}},"8":{"start":{"line":76,"column":19},"end":{"line":76,"column":29}},"9":{"start":{"line":77,"column":22},"end":{"line":77,"column":71}},"10":{"start":{"line":78,"column":21},"end":{"line":78,"column":62}},"11":{"start":{"line":79,"column":6},"end":{"line":79,"column":62}},"12":{"start":{"line":82,"column":2},"end":{"line":82,"column":21}}},"fnMap":{"0":{"name":"(anonymous_0)","decl":{"start":{"line":3,"column":17},"end":{"line":3,"column":18}},"loc":{"start":{"line":3,"column":43},"end":{"line":83,"column":1}},"line":3},"1":{"name":"(anonymous_1)","decl":{"start":{"line":5,"column":4},"end":{"line":5,"column":5}},"loc":{"start":{"line":5,"column":29},"end":{"line":17,"column":5}},"line":5},"2":{"name":"(anonymous_2)","decl":{"start":{"line":73,"column":29},"end":{"line":73,"column":30}},"loc":{"start":{"line":73,"column":46},"end":{"line":81,"column":3}},"line":73}},"branchMap":{"0":{"loc":{"start":{"line":74,"column":4},"end":{"line":80,"column":5}},"type":"if","locations":[{"start":{"line":74,"column":4},"end":{"line":80,"column":5}},{"start":{},"end":{}}],"line":74}},"s":{"0":1,"1":1,"2":1,"3":1,"4":1,"5":1,"6":1,"7":3,"8":0,"9":0,"10":0,"11":0,"12":1},"f":{"0":1,"1":1,"2":3},"b":{"0":[0,3]},"_coverageSchema":"1a1c01bbd47fc00a2c39e90264f33305004495a9","hash":"cf6f8a56714cdd3033515a8bd8efe4c9ad88c356"}
,"C:\\Users\\admin\\Documents\\Latihan-Coding\\Hacktiv8\\phase2\\Individual Project\\IP-RMT60\\server\\models\\transactiondetail.js": {"path":"C:\\Users\\admin\\Documents\\Latihan-Coding\\Hacktiv8\\phase2\\Individual Project\\IP-RMT60\\server\\models\\transactiondetail.js","statementMap":{"0":{"start":{"line":2,"column":18},"end":{"line":2,"column":38}},"1":{"start":{"line":4,"column":0},"end":{"line":51,"column":2}},"2":{"start":{"line":8,"column":6},"end":{"line":8,"column":87}},"3":{"start":{"line":9,"column":6},"end":{"line":9,"column":79}},"4":{"start":{"line":13,"column":2},"end":{"line":48,"column":5}},"5":{"start":{"line":50,"column":2},"end":{"line":50,"column":27}}},"fnMap":{"0":{"name":"(anonymous_0)","decl":{"start":{"line":4,"column":17},"end":{"line":4,"column":18}},"loc":{"start":{"line":4,"column":43},"end":{"line":51,"column":1}},"line":4},"1":{"name":"(anonymous_1)","decl":{"start":{"line":6,"column":4},"end":{"line":6,"column":5}},"loc":{"start":{"line":6,"column":29},"end":{"line":10,"column":5}},"line":6}},"branchMap":{},"s":{"0":1,"1":1,"2":1,"3":1,"4":1,"5":1},"f":{"0":1,"1":1},"b":{},"_coverageSchema":"1a1c01bbd47fc00a2c39e90264f33305004495a9","hash":"48eb72553c3055a22eb336371c6db6dff9b74c8b"}
,"C:\\Users\\admin\\Documents\\Latihan-Coding\\Hacktiv8\\phase2\\Individual Project\\IP-RMT60\\server\\models\\user.js": {"path":"C:\\Users\\admin\\Documents\\Latihan-Coding\\Hacktiv8\\phase2\\Individual Project\\IP-RMT60\\server\\models\\user.js","statementMap":{"0":{"start":{"line":2,"column":18},"end":{"line":2,"column":38}},"1":{"start":{"line":3,"column":25},"end":{"line":3,"column":53}},"2":{"start":{"line":4,"column":0},"end":{"line":79,"column":2}},"3":{"start":{"line":7,"column":6},"end":{"line":7,"column":35}},"4":{"start":{"line":8,"column":6},"end":{"line":10,"column":9}},"5":{"start":{"line":11,"column":6},"end":{"line":11,"column":65}},"6":{"start":{"line":14,"column":2},"end":{"line":73,"column":4}},"7":{"start":{"line":74,"column":2},"end":{"line":77,"column":5}},"8":{"start":{"line":76,"column":4},"end":{"line":76,"column":48}},"9":{"start":{"line":78,"column":2},"end":{"line":78,"column":14}}},"fnMap":{"0":{"name":"(anonymous_0)","decl":{"start":{"line":4,"column":17},"end":{"line":4,"column":18}},"loc":{"start":{"line":4,"column":43},"end":{"line":79,"column":1}},"line":4},"1":{"name":"(anonymous_1)","decl":{"start":{"line":6,"column":4},"end":{"line":6,"column":5}},"loc":{"start":{"line":6,"column":29},"end":{"line":12,"column":5}},"line":6},"2":{"name":"(anonymous_2)","decl":{"start":{"line":74,"column":20},"end":{"line":74,"column":21}},"loc":{"start":{"line":74,"column":30},"end":{"line":77,"column":3}},"line":74}},"branchMap":{},"s":{"0":1,"1":1,"2":1,"3":1,"4":1,"5":1,"6":1,"7":1,"8":2,"9":1},"f":{"0":1,"1":1,"2":2},"b":{},"_coverageSchema":"1a1c01bbd47fc00a2c39e90264f33305004495a9","hash":"6a0f3b37ebc6d7e158f383f7044bb1b5f7f6b4f5"}
,"C:\\Users\\admin\\Documents\\Latihan-Coding\\Hacktiv8\\phase2\\Individual Project\\IP-RMT60\\server\\routes\\adminRoutes.js": {"path":"C:\\Users\\admin\\Documents\\Latihan-Coding\\Hacktiv8\\phase2\\Individual Project\\IP-RMT60\\server\\routes\\adminRoutes.js","statementMap":{"0":{"start":{"line":1,"column":16},"end":{"line":1,"column":34}},"1":{"start":{"line":2,"column":15},"end":{"line":2,"column":31}},"2":{"start":{"line":3,"column":27},"end":{"line":3,"column":71}},"3":{"start":{"line":4,"column":26},"end":{"line":4,"column":69}},"4":{"start":{"line":5,"column":23},"end":{"line":5,"column":63}},"5":{"start":{"line":6,"column":24},"end":{"line":6,"column":65}},"6":{"start":{"line":7,"column":23},"end":{"line":7,"column":63}},"7":{"start":{"line":8,"column":31},"end":{"line":8,"column":70}},"8":{"start":{"line":11,"column":0},"end":{"line":11,"column":27}},"9":{"start":{"line":12,"column":0},"end":{"line":12,"column":31}},"10":{"start":{"line":15,"column":0},"end":{"line":15,"column":57}},"11":{"start":{"line":16,"column":0},"end":{"line":16,"column":60}},"12":{"start":{"line":17,"column":0},"end":{"line":17,"column":55}},"13":{"start":{"line":18,"column":0},"end":{"line":18,"column":68}},"14":{"start":{"line":19,"column":0},"end":{"line":19,"column":63}},"15":{"start":{"line":22,"column":0},"end":{"line":22,"column":63}},"16":{"start":{"line":23,"column":0},"end":{"line":23,"column":62}},"17":{"start":{"line":24,"column":0},"end":{"line":24,"column":65}},"18":{"start":{"line":25,"column":0},"end":{"line":25,"column":68}},"19":{"start":{"line":28,"column":0},"end":{"line":28,"column":58}},"20":{"start":{"line":29,"column":0},"end":{"line":29,"column":58}},"21":{"start":{"line":30,"column":0},"end":{"line":30,"column":61}},"22":{"start":{"line":31,"column":0},"end":{"line":31,"column":64}},"23":{"start":{"line":34,"column":0},"end":{"line":34,"column":49}},"24":{"start":{"line":35,"column":0},"end":{"line":35,"column":49}},"25":{"start":{"line":36,"column":0},"end":{"line":36,"column":52}},"26":{"start":{"line":37,"column":0},"end":{"line":37,"column":55}},"27":{"start":{"line":39,"column":0},"end":{"line":39,"column":24}}},"fnMap":{},"branchMap":{},"s":{"0":1,"1":1,"2":1,"3":1,"4":1,"5":1,"6":1,"7":1,"8":1,"9":1,"10":1,"11":1,"12":1,"13":1,"14":1,"15":1,"16":1,"17":1,"18":1,"19":1,"20":1,"21":1,"22":1,"23":1,"24":1,"25":1,"26":1,"27":1},"f":{},"b":{},"_coverageSchema":"1a1c01bbd47fc00a2c39e90264f33305004495a9","hash":"6c3da0a6c1bcb1ce91a2a24a64e8bb065b750fed"}
,"C:\\Users\\admin\\Documents\\Latihan-Coding\\Hacktiv8\\phase2\\Individual Project\\IP-RMT60\\server\\routes\\cartRoutes.js": {"path":"C:\\Users\\admin\\Documents\\Latihan-Coding\\Hacktiv8\\phase2\\Individual Project\\IP-RMT60\\server\\routes\\cartRoutes.js","statementMap":{"0":{"start":{"line":1,"column":16},"end":{"line":1,"column":34}},"1":{"start":{"line":2,"column":15},"end":{"line":2,"column":31}},"2":{"start":{"line":3,"column":23},"end":{"line":3,"column":63}},"3":{"start":{"line":4,"column":23},"end":{"line":4,"column":63}},"4":{"start":{"line":7,"column":0},"end":{"line":7,"column":27}},"5":{"start":{"line":8,"column":0},"end":{"line":8,"column":44}},"6":{"start":{"line":9,"column":0},"end":{"line":9,"column":46}},"7":{"start":{"line":10,"column":0},"end":{"line":10,"column":53}},"8":{"start":{"line":13,"column":0},"end":{"line":13,"column":24}}},"fnMap":{},"branchMap":{},"s":{"0":1,"1":1,"2":1,"3":1,"4":1,"5":1,"6":1,"7":1,"8":1},"f":{},"b":{},"_coverageSchema":"1a1c01bbd47fc00a2c39e90264f33305004495a9","hash":"4e356b49bd385c557bc2f44f5906bb395dbf8f77"}
,"C:\\Users\\admin\\Documents\\Latihan-Coding\\Hacktiv8\\phase2\\Individual Project\\IP-RMT60\\server\\routes\\categoryRoutes.js": {"path":"C:\\Users\\admin\\Documents\\Latihan-Coding\\Hacktiv8\\phase2\\Individual Project\\IP-RMT60\\server\\routes\\categoryRoutes.js","statementMap":{"0":{"start":{"line":1,"column":16},"end":{"line":1,"column":34}},"1":{"start":{"line":2,"column":15},"end":{"line":2,"column":31}},"2":{"start":{"line":3,"column":27},"end":{"line":3,"column":71}},"3":{"start":{"line":4,"column":23},"end":{"line":4,"column":63}},"4":{"start":{"line":5,"column":31},"end":{"line":5,"column":70}},"5":{"start":{"line":8,"column":0},"end":{"line":8,"column":53}},"6":{"start":{"line":9,"column":0},"end":{"line":9,"column":55}},"7":{"start":{"line":12,"column":0},"end":{"line":12,"column":27}},"8":{"start":{"line":13,"column":0},"end":{"line":13,"column":31}},"9":{"start":{"line":14,"column":0},"end":{"line":14,"column":52}},"10":{"start":{"line":15,"column":0},"end":{"line":15,"column":54}},"11":{"start":{"line":16,"column":0},"end":{"line":16,"column":57}},"12":{"start":{"line":18,"column":0},"end":{"line":18,"column":24}}},"fnMap":{},"branchMap":{},"s":{"0":1,"1":1,"2":1,"3":1,"4":1,"5":1,"6":1,"7":1,"8":1,"9":1,"10":1,"11":1,"12":1},"f":{},"b":{},"_coverageSchema":"1a1c01bbd47fc00a2c39e90264f33305004495a9","hash":"084b3c10690d4888fe54df10ae68d19fa54cc78e"}
,"C:\\Users\\admin\\Documents\\Latihan-Coding\\Hacktiv8\\phase2\\Individual Project\\IP-RMT60\\server\\routes\\chatbotRoutes.js": {"path":"C:\\Users\\admin\\Documents\\Latihan-Coding\\Hacktiv8\\phase2\\Individual Project\\IP-RMT60\\server\\routes\\chatbotRoutes.js","statementMap":{"0":{"start":{"line":1,"column":16},"end":{"line":1,"column":34}},"1":{"start":{"line":2,"column":15},"end":{"line":2,"column":31}},"2":{"start":{"line":3,"column":26},"end":{"line":3,"column":69}},"3":{"start":{"line":6,"column":0},"end":{"line":6,"column":52}},"4":{"start":{"line":8,"column":0},"end":{"line":8,"column":24}}},"fnMap":{},"branchMap":{},"s":{"0":1,"1":1,"2":1,"3":1,"4":1},"f":{},"b":{},"_coverageSchema":"1a1c01bbd47fc00a2c39e90264f33305004495a9","hash":"345edeb74b6a181fc8418057e29182c583555f98"}
,"C:\\Users\\admin\\Documents\\Latihan-Coding\\Hacktiv8\\phase2\\Individual Project\\IP-RMT60\\server\\routes\\index.js": {"path":"C:\\Users\\admin\\Documents\\Latihan-Coding\\Hacktiv8\\phase2\\Individual Project\\IP-RMT60\\server\\routes\\index.js","statementMap":{"0":{"start":{"line":1,"column":16},"end":{"line":1,"column":34}},"1":{"start":{"line":2,"column":15},"end":{"line":2,"column":31}},"2":{"start":{"line":3,"column":19},"end":{"line":3,"column":42}},"3":{"start":{"line":4,"column":23},"end":{"line":4,"column":50}},"4":{"start":{"line":5,"column":22},"end":{"line":5,"column":48}},"5":{"start":{"line":6,"column":19},"end":{"line":6,"column":42}},"6":{"start":{"line":7,"column":21},"end":{"line":7,"column":46}},"7":{"start":{"line":8,"column":20},"end":{"line":8,"column":44}},"8":{"start":{"line":9,"column":26},"end":{"line":9,"column":56}},"9":{"start":{"line":10,"column":22},"end":{"line":10,"column":48}},"10":{"start":{"line":11,"column":22},"end":{"line":11,"column":48}},"11":{"start":{"line":14,"column":0},"end":{"line":14,"column":36}},"12":{"start":{"line":17,"column":0},"end":{"line":17,"column":33}},"13":{"start":{"line":18,"column":0},"end":{"line":18,"column":42}},"14":{"start":{"line":19,"column":0},"end":{"line":19,"column":39}},"15":{"start":{"line":20,"column":0},"end":{"line":20,"column":33}},"16":{"start":{"line":21,"column":0},"end":{"line":21,"column":34}},"17":{"start":{"line":22,"column":0},"end":{"line":22,"column":47}},"18":{"start":{"line":23,"column":0},"end":{"line":23,"column":39}},"19":{"start":{"line":24,"column":0},"end":{"line":24,"column":38}},"20":{"start":{"line":26,"column":0},"end":{"line":26,"column":24}}},"fnMap":{},"branchMap":{},"s":{"0":1,"1":1,"2":1,"3":1,"4":1,"5":1,"6":1,"7":1,"8":1,"9":1,"10":1,"11":1,"12":1,"13":1,"14":1,"15":1,"16":1,"17":1,"18":1,"19":1,"20":1},"f":{},"b":{},"_coverageSchema":"1a1c01bbd47fc00a2c39e90264f33305004495a9","hash":"fbcda25000a12a1c2e8cbe0bf40571a067d32f24"}
,"C:\\Users\\admin\\Documents\\Latihan-Coding\\Hacktiv8\\phase2\\Individual Project\\IP-RMT60\\server\\routes\\lectureRoutes.js": {"path":"C:\\Users\\admin\\Documents\\Latihan-Coding\\Hacktiv8\\phase2\\Individual Project\\IP-RMT60\\server\\routes\\lectureRoutes.js","statementMap":{"0":{"start":{"line":1,"column":16},"end":{"line":1,"column":34}},"1":{"start":{"line":2,"column":15},"end":{"line":2,"column":31}},"2":{"start":{"line":3,"column":26},"end":{"line":3,"column":69}},"3":{"start":{"line":4,"column":23},"end":{"line":4,"column":63}},"4":{"start":{"line":5,"column":31},"end":{"line":5,"column":70}},"5":{"start":{"line":8,"column":0},"end":{"line":8,"column":50}},"6":{"start":{"line":9,"column":0},"end":{"line":9,"column":53}},"7":{"start":{"line":12,"column":0},"end":{"line":12,"column":27}},"8":{"start":{"line":13,"column":0},"end":{"line":13,"column":31}},"9":{"start":{"line":14,"column":0},"end":{"line":14,"column":50}},"10":{"start":{"line":15,"column":0},"end":{"line":15,"column":52}},"11":{"start":{"line":16,"column":0},"end":{"line":16,"column":55}},"12":{"start":{"line":18,"column":0},"end":{"line":18,"column":24}}},"fnMap":{},"branchMap":{},"s":{"0":1,"1":1,"2":1,"3":1,"4":1,"5":1,"6":1,"7":1,"8":1,"9":1,"10":1,"11":1,"12":1},"f":{},"b":{},"_coverageSchema":"1a1c01bbd47fc00a2c39e90264f33305004495a9","hash":"39aef6de291266b73ebb6508f2f4985339627b2b"}
,"C:\\Users\\admin\\Documents\\Latihan-Coding\\Hacktiv8\\phase2\\Individual Project\\IP-RMT60\\server\\routes\\paymentRoutes.js": {"path":"C:\\Users\\admin\\Documents\\Latihan-Coding\\Hacktiv8\\phase2\\Individual Project\\IP-RMT60\\server\\routes\\paymentRoutes.js","statementMap":{"0":{"start":{"line":1,"column":16},"end":{"line":1,"column":34}},"1":{"start":{"line":2,"column":15},"end":{"line":2,"column":31}},"2":{"start":{"line":3,"column":26},"end":{"line":3,"column":69}},"3":{"start":{"line":4,"column":23},"end":{"line":4,"column":63}},"4":{"start":{"line":7,"column":0},"end":{"line":7,"column":72}},"5":{"start":{"line":10,"column":0},"end":{"line":10,"column":83}},"6":{"start":{"line":13,"column":0},"end":{"line":13,"column":67}},"7":{"start":{"line":15,"column":0},"end":{"line":15,"column":24}}},"fnMap":{},"branchMap":{},"s":{"0":1,"1":1,"2":1,"3":1,"4":1,"5":1,"6":1,"7":1},"f":{},"b":{},"_coverageSchema":"1a1c01bbd47fc00a2c39e90264f33305004495a9","hash":"df1501943be40c9ae4b15d13af1fcd798ccbff03"}
,"C:\\Users\\admin\\Documents\\Latihan-Coding\\Hacktiv8\\phase2\\Individual Project\\IP-RMT60\\server\\routes\\publicRoutes.js": {"path":"C:\\Users\\admin\\Documents\\Latihan-Coding\\Hacktiv8\\phase2\\Individual Project\\IP-RMT60\\server\\routes\\publicRoutes.js","statementMap":{"0":{"start":{"line":1,"column":16},"end":{"line":1,"column":34}},"1":{"start":{"line":2,"column":15},"end":{"line":2,"column":31}},"2":{"start":{"line":3,"column":25},"end":{"line":3,"column":67}},"3":{"start":{"line":6,"column":0},"end":{"line":6,"column":58}},"4":{"start":{"line":7,"column":0},"end":{"line":7,"column":64}},"5":{"start":{"line":10,"column":0},"end":{"line":10,"column":54}},"6":{"start":{"line":11,"column":0},"end":{"line":11,"column":61}},"7":{"start":{"line":14,"column":0},"end":{"line":14,"column":67}},"8":{"start":{"line":16,"column":0},"end":{"line":16,"column":24}}},"fnMap":{},"branchMap":{},"s":{"0":1,"1":1,"2":1,"3":1,"4":1,"5":1,"6":1,"7":1,"8":1},"f":{},"b":{},"_coverageSchema":"1a1c01bbd47fc00a2c39e90264f33305004495a9","hash":"d1f1ec16b87d11acf5c3d477e634227fe83790f0"}
,"C:\\Users\\admin\\Documents\\Latihan-Coding\\Hacktiv8\\phase2\\Individual Project\\IP-RMT60\\server\\routes\\transactionRoutes.js": {"path":"C:\\Users\\admin\\Documents\\Latihan-Coding\\Hacktiv8\\phase2\\Individual Project\\IP-RMT60\\server\\routes\\transactionRoutes.js","statementMap":{"0":{"start":{"line":1,"column":16},"end":{"line":1,"column":34}},"1":{"start":{"line":2,"column":15},"end":{"line":2,"column":31}},"2":{"start":{"line":3,"column":30},"end":{"line":3,"column":77}},"3":{"start":{"line":4,"column":23},"end":{"line":4,"column":63}},"4":{"start":{"line":5,"column":31},"end":{"line":5,"column":70}},"5":{"start":{"line":8,"column":0},"end":{"line":8,"column":27}},"6":{"start":{"line":11,"column":0},"end":{"line":11,"column":63}},"7":{"start":{"line":12,"column":0},"end":{"line":12,"column":58}},"8":{"start":{"line":13,"column":0},"end":{"line":13,"column":61}},"9":{"start":{"line":16,"column":0},"end":{"line":16,"column":78}},"10":{"start":{"line":17,"column":0},"end":{"line":17,"column":93}},"11":{"start":{"line":19,"column":0},"end":{"line":19,"column":24}}},"fnMap":{},"branchMap":{},"s":{"0":1,"1":1,"2":1,"3":1,"4":1,"5":1,"6":1,"7":1,"8":1,"9":1,"10":1,"11":1},"f":{},"b":{},"_coverageSchema":"1a1c01bbd47fc00a2c39e90264f33305004495a9","hash":"4c10b1bfa15e69055650c9bb24943d66ffe93864"}
,"C:\\Users\\admin\\Documents\\Latihan-Coding\\Hacktiv8\\phase2\\Individual Project\\IP-RMT60\\server\\routes\\userRoutes.js": {"path":"C:\\Users\\admin\\Documents\\Latihan-Coding\\Hacktiv8\\phase2\\Individual Project\\IP-RMT60\\server\\routes\\userRoutes.js","statementMap":{"0":{"start":{"line":1,"column":16},"end":{"line":1,"column":34}},"1":{"start":{"line":2,"column":15},"end":{"line":2,"column":31}},"2":{"start":{"line":3,"column":23},"end":{"line":3,"column":63}},"3":{"start":{"line":4,"column":23},"end":{"line":4,"column":63}},"4":{"start":{"line":6,"column":0},"end":{"line":6,"column":50}},"5":{"start":{"line":7,"column":0},"end":{"line":7,"column":44}},"6":{"start":{"line":8,"column":0},"end":{"line":8,"column":57}},"7":{"start":{"line":11,"column":0},"end":{"line":11,"column":27}},"8":{"start":{"line":12,"column":0},"end":{"line":12,"column":54}},"9":{"start":{"line":14,"column":0},"end":{"line":14,"column":24}}},"fnMap":{},"branchMap":{},"s":{"0":1,"1":1,"2":1,"3":1,"4":1,"5":1,"6":1,"7":1,"8":1,"9":1},"f":{},"b":{},"_coverageSchema":"1a1c01bbd47fc00a2c39e90264f33305004495a9","hash":"e716bb72da9fdfce9ed676b536897df59bf14a9b"}
}
