TN:
SF:app.js
FN:25,(anonymous_0)
FN:36,(anonymous_1)
FN:43,(anonymous_2)
FN:55,oo_cm
FNF:4
FNH:0
FNDA:0,(anonymous_0)
FNDA:0,(anonymous_1)
FNDA:0,(anonymous_2)
FNDA:0,oo_cm
DA:1,1
DA:2,1
DA:5,1
DA:6,1
DA:7,1
DA:8,1
DA:9,1
DA:10,1
DA:13,1
DA:20,1
DA:22,1
DA:23,1
DA:25,1
DA:26,0
DA:30,1
DA:33,1
DA:36,1
DA:37,0
DA:38,0
DA:42,1
DA:43,0
DA:44,0
DA:48,1
DA:55,0
LF:24
LH:18
BRDA:1,0,0,1
BRDA:1,0,1,0
BRDA:7,1,0,1
BRDA:7,1,1,0
BRDA:42,2,0,0
BRDA:42,2,1,1
BRDA:55,3,0,0
BRDA:55,3,1,0
BRF:8
BRH:3
end_of_record
TN:
SF:controllers\adminController.js
FN:5,(anonymous_0)
FN:39,(anonymous_1)
FN:55,(anonymous_2)
FN:73,(anonymous_3)
FN:91,(anonymous_4)
FN:113,(anonymous_5)
FN:137,(anonymous_6)
FN:151,(anonymous_7)
FN:172,oo_cm
FNF:9
FNH:1
FNDA:1,(anonymous_0)
FNDA:0,(anonymous_1)
FNDA:0,(anonymous_2)
FNDA:0,(anonymous_3)
FNDA:0,(anonymous_4)
FNDA:0,(anonymous_5)
FNDA:0,(anonymous_6)
FNDA:0,(anonymous_7)
FNDA:0,oo_cm
DA:1,1
DA:2,1
DA:6,1
DA:7,1
DA:8,1
DA:9,1
DA:12,1
DA:13,1
DA:15,1
DA:16,1
DA:17,1
DA:20,1
DA:22,0
DA:23,0
DA:24,0
DA:27,1
DA:35,0
DA:40,0
DA:41,0
DA:43,0
DA:49,0
DA:51,0
DA:56,0
DA:57,0
DA:60,0
DA:61,0
DA:70,0
DA:73,0
DA:84,0
DA:87,0
DA:92,0
DA:93,0
DA:107,0
DA:109,0
DA:114,0
DA:116,0
DA:117,0
DA:119,0
DA:137,0
DA:138,0
DA:139,0
DA:146,0
DA:149,0
DA:151,0
DA:157,0
DA:160,0
DA:165,1
DA:172,0
LF:48
LH:14
BRDA:20,0,0,1
BRDA:20,0,1,0
BRDA:41,1,0,0
BRDA:41,1,1,0
BRDA:57,2,0,0
BRDA:57,2,1,0
BRDA:172,3,0,0
BRDA:172,3,1,0
BRF:8
BRH:1
end_of_record
TN:
SF:controllers\cartController.js
FN:4,(anonymous_0)
FN:29,(anonymous_1)
FN:63,(anonymous_2)
FNF:3
FNH:3
FNDA:2,(anonymous_0)
FNDA:1,(anonymous_1)
FNDA:1,(anonymous_2)
DA:1,1
DA:5,2
DA:6,2
DA:8,2
DA:23,2
DA:25,0
DA:30,1
DA:31,1
DA:32,1
DA:35,1
DA:36,1
DA:37,1
DA:41,0
DA:48,0
DA:49,0
DA:52,0
DA:57,0
DA:59,1
DA:64,1
DA:65,1
DA:66,1
DA:68,1
DA:72,0
DA:73,0
DA:76,0
DA:78,0
DA:82,1
DA:87,1
LF:28
LH:18
BRDA:36,0,0,1
BRDA:36,0,1,0
BRDA:48,1,0,0
BRDA:48,1,1,0
BRDA:72,2,0,0
BRDA:72,2,1,0
BRF:6
BRH:1
end_of_record
TN:
SF:controllers\categoryController.js
FN:4,(anonymous_0)
FN:16,(anonymous_1)
FN:31,(anonymous_2)
FN:47,(anonymous_3)
FN:70,(anonymous_4)
FNF:5
FNH:5
FNDA:5,(anonymous_0)
FNDA:2,(anonymous_1)
FNDA:3,(anonymous_2)
FNDA:2,(anonymous_3)
FNDA:2,(anonymous_4)
DA:1,1
DA:5,5
DA:6,5
DA:10,5
DA:12,0
DA:17,2
DA:18,2
DA:19,2
DA:21,2
DA:22,1
DA:25,1
DA:27,1
DA:32,3
DA:33,3
DA:35,3
DA:41,2
DA:43,1
DA:48,2
DA:49,2
DA:50,2
DA:52,2
DA:54,2
DA:55,0
DA:58,2
DA:64,1
DA:66,1
DA:71,2
DA:72,2
DA:73,2
DA:75,2
DA:76,1
DA:79,1
DA:81,1
DA:83,1
DA:88,1
LF:35
LH:33
BRDA:21,0,0,1
BRDA:21,0,1,1
BRDA:54,1,0,0
BRDA:54,1,1,2
BRDA:75,2,0,1
BRDA:75,2,1,1
BRF:6
BRH:5
end_of_record
TN:
SF:controllers\chatbotController.js
FN:5,(anonymous_0)
FN:49,(anonymous_1)
FN:78,oo_cm
FNF:3
FNH:2
FNDA:2,(anonymous_0)
FNDA:0,(anonymous_1)
FNDA:1,oo_cm
DA:1,1
DA:2,1
DA:6,2
DA:7,2
DA:9,2
DA:10,1
DA:14,1
DA:20,1
DA:25,0
DA:26,0
DA:27,0
DA:30,0
DA:31,0
DA:34,0
DA:45,0
DA:48,0
DA:49,0
DA:58,0
DA:63,1
DA:65,1
DA:66,1
DA:71,1
DA:78,1
LF:23
LH:13
BRDA:9,0,0,1
BRDA:9,0,1,1
BRDA:20,1,0,0
BRDA:20,1,1,1
BRDA:20,2,0,1
BRDA:20,2,1,1
BRDA:25,3,0,0
BRDA:25,3,1,0
BRDA:25,4,0,0
BRDA:25,4,1,0
BRDA:27,5,0,0
BRDA:27,5,1,0
BRDA:27,5,2,0
BRDA:30,6,0,0
BRDA:30,6,1,0
BRDA:48,7,0,0
BRDA:48,7,1,0
BRDA:78,8,0,1
BRDA:78,8,1,0
BRF:19
BRH:6
end_of_record
TN:
SF:controllers\lectureController.js
FN:4,(anonymous_0)
FN:26,(anonymous_1)
FN:52,(anonymous_2)
FN:90,(anonymous_3)
FN:131,(anonymous_4)
FNF:5
FNH:5
FNDA:7,(anonymous_0)
FNDA:2,(anonymous_1)
FNDA:3,(anonymous_2)
FNDA:2,(anonymous_3)
FNDA:1,(anonymous_4)
DA:1,1
DA:5,7
DA:6,7
DA:20,7
DA:22,0
DA:27,2
DA:28,2
DA:29,2
DA:42,2
DA:43,1
DA:46,1
DA:48,1
DA:53,3
DA:65,3
DA:68,3
DA:70,3
DA:84,2
DA:86,1
DA:91,2
DA:92,2
DA:104,2
DA:106,2
DA:108,2
DA:109,1
DA:112,1
DA:125,1
DA:127,1
DA:132,1
DA:133,1
DA:134,1
DA:136,1
DA:137,0
DA:140,1
DA:142,1
DA:144,0
DA:149,1
LF:36
LH:33
BRDA:42,0,0,1
BRDA:42,0,1,1
BRDA:108,1,0,1
BRDA:108,1,1,1
BRDA:136,2,0,0
BRDA:136,2,1,1
BRF:6
BRH:5
end_of_record
TN:
SF:controllers\paymentController.js
FN:16,(anonymous_0)
FN:41,(anonymous_1)
FN:64,(anonymous_2)
FN:108,(anonymous_3)
FN:159,(anonymous_4)
FN:203,oo_cm
FNF:6
FNH:6
FNDA:1,(anonymous_0)
FNDA:1,(anonymous_1)
FNDA:1,(anonymous_2)
FNDA:1,(anonymous_3)
FNDA:2,(anonymous_4)
FNDA:1,oo_cm
DA:8,1
DA:12,1
DA:17,1
DA:19,1
DA:20,1
DA:23,1
DA:24,1
DA:25,0
DA:29,1
DA:35,1
DA:36,0
DA:40,1
DA:41,1
DA:46,1
DA:47,1
DA:48,1
DA:49,1
DA:52,1
DA:64,1
DA:70,1
DA:75,1
DA:81,1
DA:86,1
DA:88,0
DA:91,0
DA:102,1
DA:103,1
DA:109,1
DA:110,1
DA:113,1
DA:116,0
DA:120,0
DA:121,0
DA:127,0
DA:128,0
DA:129,0
DA:130,0
DA:131,0
DA:133,0
DA:134,0
DA:135,0
DA:136,0
DA:137,0
DA:142,0
DA:143,0
DA:144,0
DA:147,0
DA:148,0
DA:151,0
DA:153,1
DA:154,1
DA:160,2
DA:161,2
DA:163,2
DA:177,2
DA:178,2
DA:182,0
DA:183,0
DA:189,0
DA:191,2
DA:196,1
DA:203,1
LF:62
LH:36
BRDA:24,0,0,0
BRDA:24,0,1,1
BRDA:35,1,0,0
BRDA:35,1,1,1
BRDA:120,2,0,0
BRDA:120,2,1,0
BRDA:127,3,0,0
BRDA:127,3,1,0
BRDA:128,4,0,0
BRDA:128,4,1,0
BRDA:130,5,0,0
BRDA:130,5,1,0
BRDA:133,6,0,0
BRDA:133,6,1,0
BRDA:135,7,0,0
BRDA:135,7,1,0
BRDA:137,8,0,0
BRDA:137,8,1,0
BRDA:138,9,0,0
BRDA:138,9,1,0
BRDA:138,9,2,0
BRDA:143,10,0,0
BRDA:143,10,1,0
BRDA:147,11,0,0
BRDA:147,11,1,0
BRDA:177,12,0,2
BRDA:177,12,1,0
BRDA:182,13,0,0
BRDA:182,13,1,0
BRDA:182,14,0,0
BRDA:182,14,1,0
BRDA:203,15,0,1
BRDA:203,15,1,0
BRF:33
BRH:4
end_of_record
TN:
SF:controllers\publicController.js
FN:5,(anonymous_0)
FN:28,(anonymous_1)
FN:57,(anonymous_2)
FN:123,(anonymous_3)
FN:146,(anonymous_4)
FN:212,oo_cm
FNF:6
FNH:4
FNDA:0,(anonymous_0)
FNDA:2,(anonymous_1)
FNDA:1,(anonymous_2)
FNDA:12,(anonymous_3)
FNDA:1,(anonymous_4)
FNDA:0,oo_cm
DA:1,1
DA:2,1
DA:6,0
DA:7,0
DA:22,0
DA:24,0
DA:29,2
DA:30,2
DA:32,2
DA:47,0
DA:48,0
DA:51,0
DA:53,2
DA:58,1
DA:68,1
DA:70,1
DA:73,1
DA:74,1
DA:75,1
DA:78,1
DA:79,0
DA:83,1
DA:84,1
DA:85,1
DA:86,1
DA:89,1
DA:108,1
DA:109,1
DA:111,1
DA:118,0
DA:119,0
DA:124,12
DA:125,12
DA:127,12
DA:136,3
DA:137,1
DA:140,2
DA:142,10
DA:147,1
DA:149,1
DA:164,1
DA:179,1
DA:184,1
DA:185,1
DA:186,1
DA:188,1
DA:199,0
DA:200,0
DA:205,1
DA:212,0
LF:50
LH:37
BRDA:47,0,0,0
BRDA:47,0,1,0
BRDA:60,1,0,0
BRDA:61,2,0,0
BRDA:62,3,0,0
BRDA:66,4,0,1
BRDA:67,5,0,1
BRDA:74,6,0,1
BRDA:74,6,1,0
BRDA:78,7,0,0
BRDA:78,7,1,1
BRDA:83,8,0,1
BRDA:83,8,1,0
BRDA:83,9,0,1
BRDA:83,9,1,0
BRDA:85,10,0,1
BRDA:85,10,1,0
BRDA:86,11,0,1
BRDA:86,11,1,0
BRDA:136,12,0,1
BRDA:136,12,1,2
BRDA:212,13,0,0
BRDA:212,13,1,0
BRF:23
BRH:10
end_of_record
TN:
SF:controllers\transactionController.js
FN:6,(anonymous_0)
FN:41,(anonymous_1)
FN:64,(anonymous_2)
FN:97,(anonymous_3)
FN:117,(anonymous_4)
FN:128,(anonymous_5)
FN:162,(anonymous_6)
FNF:7
FNH:5
FNDA:1,(anonymous_0)
FNDA:1,(anonymous_1)
FNDA:2,(anonymous_2)
FNDA:4,(anonymous_3)
FNDA:0,(anonymous_4)
FNDA:0,(anonymous_5)
FNDA:1,(anonymous_6)
DA:1,1
DA:2,1
DA:7,1
DA:8,1
DA:9,1
DA:11,1
DA:12,1
DA:13,0
DA:16,1
DA:27,1
DA:29,1
DA:36,0
DA:42,1
DA:43,1
DA:45,1
DA:57,1
DA:59,0
DA:65,2
DA:66,2
DA:68,2
DA:81,1
DA:82,0
DA:86,1
DA:87,0
DA:90,1
DA:92,1
DA:98,4
DA:100,4
DA:101,4
DA:102,4
DA:105,4
DA:112,0
DA:113,0
DA:117,0
DA:120,0
DA:128,0
DA:134,0
DA:137,0
DA:142,0
DA:145,0
DA:154,0
DA:156,4
DA:157,4
DA:163,1
DA:164,1
DA:165,1
DA:167,1
DA:169,1
DA:170,0
DA:174,1
DA:175,1
DA:176,0
DA:179,1
DA:181,1
DA:183,0
DA:188,1
LF:56
LH:38
BRDA:8,0,0,1
BRDA:8,1,0,1
BRDA:12,2,0,0
BRDA:12,2,1,1
BRDA:81,3,0,0
BRDA:81,3,1,1
BRDA:86,4,0,0
BRDA:86,4,1,1
BRDA:86,5,0,1
BRDA:86,5,1,0
BRDA:112,6,0,0
BRDA:112,6,1,0
BRDA:169,7,0,0
BRDA:169,7,1,1
BRDA:175,8,0,0
BRDA:175,8,1,1
BRF:16
BRH:8
end_of_record
TN:
SF:controllers\userController.js
FN:8,(anonymous_0)
FN:45,(anonymous_1)
FN:70,(anonymous_2)
FN:111,(anonymous_3)
FN:125,(anonymous_4)
FN:162,(anonymous_5)
FN:195,(anonymous_6)
FN:225,(anonymous_7)
FN:255,oo_cm
FNF:9
FNH:5
FNDA:0,(anonymous_0)
FNDA:5,(anonymous_1)
FNDA:4,(anonymous_2)
FNDA:1,(anonymous_3)
FNDA:2,(anonymous_4)
FNDA:1,(anonymous_5)
FNDA:0,(anonymous_6)
FNDA:0,(anonymous_7)
FNDA:0,oo_cm
DA:1,1
DA:2,1
DA:3,1
DA:4,1
DA:5,1
DA:6,1
DA:9,0
DA:10,0
DA:11,0
DA:15,0
DA:17,0
DA:19,0
DA:20,0
DA:21,0
DA:30,0
DA:31,0
DA:41,0
DA:46,5
DA:47,5
DA:50,5
DA:59,2
DA:66,3
DA:71,4
DA:72,4
DA:74,4
DA:75,1
DA:81,3
DA:82,3
DA:83,1
DA:86,2
DA:87,2
DA:88,1
DA:91,1
DA:97,1
DA:99,1
DA:107,3
DA:112,1
DA:113,1
DA:114,1
DA:118,1
DA:120,0
DA:126,2
DA:127,2
DA:128,2
DA:129,2
DA:130,2
DA:132,2
DA:133,2
DA:134,0
DA:140,2
DA:148,2
DA:150,2
DA:157,0
DA:163,1
DA:164,1
DA:167,1
DA:168,1
DA:170,1
DA:180,0
DA:181,0
DA:185,0
DA:190,1
DA:196,0
DA:197,0
DA:198,0
DA:200,0
DA:201,0
DA:202,0
DA:206,0
DA:215,0
DA:216,0
DA:218,0
DA:220,0
DA:226,0
DA:227,0
DA:229,0
DA:230,0
DA:231,0
DA:235,0
DA:236,0
DA:239,0
DA:241,0
DA:243,0
DA:248,1
DA:255,0
LF:85
LH:46
BRDA:20,0,0,0
BRDA:20,0,1,0
BRDA:26,1,0,0
BRDA:26,1,1,0
BRDA:27,2,0,0
BRDA:27,2,1,0
BRDA:74,3,0,1
BRDA:74,3,1,3
BRDA:74,4,0,4
BRDA:74,4,1,3
BRDA:82,5,0,1
BRDA:82,5,1,2
BRDA:87,6,0,1
BRDA:87,6,1,1
BRDA:127,7,0,2
BRDA:127,7,1,2
BRDA:128,8,0,2
BRDA:128,8,1,2
BRDA:129,9,0,2
BRDA:129,9,1,2
BRDA:133,10,0,0
BRDA:133,10,1,2
BRDA:174,11,0,1
BRDA:174,11,1,0
BRDA:201,12,0,0
BRDA:201,12,1,0
BRDA:230,13,0,0
BRDA:230,13,1,0
BRDA:235,14,0,0
BRDA:235,14,1,0
BRDA:255,15,0,0
BRDA:255,15,1,0
BRF:32
BRH:16
end_of_record
TN:
SF:helpers\bcrypt.js
FN:2,(anonymous_0)
FN:7,(anonymous_1)
FNF:2
FNH:2
FNDA:5,(anonymous_0)
FNDA:2,(anonymous_1)
DA:1,1
DA:2,1
DA:3,5
DA:4,5
DA:7,1
DA:8,2
DA:11,1
LF:7
LH:7
BRF:0
BRH:0
end_of_record
TN:
SF:helpers\dialogflow.js
FN:20,(anonymous_0)
FN:67,oo_cm
FNF:2
FNH:2
FNDA:2,(anonymous_0)
FNDA:9,oo_cm
DA:1,1
DA:2,1
DA:4,1
DA:5,1
DA:7,1
DA:10,1
DA:20,1
DA:21,2
DA:23,2
DA:24,2
DA:26,2
DA:31,2
DA:41,2
DA:42,2
DA:43,2
DA:45,2
DA:46,2
DA:48,2
DA:55,0
DA:56,0
DA:60,1
DA:67,9
LF:22
LH:20
BRDA:20,0,0,0
BRDA:23,1,0,2
BRDA:23,1,1,0
BRDA:45,2,0,2
BRDA:45,2,1,0
BRDA:50,3,0,2
BRDA:50,3,1,0
BRDA:51,4,0,2
BRDA:51,4,1,0
BRDA:67,5,0,9
BRDA:67,5,1,1
BRF:11
BRH:6
end_of_record
TN:
SF:helpers\jwt.js
FN:5,(anonymous_0)
FN:9,(anonymous_1)
FNF:2
FNH:2
FNDA:1,(anonymous_0)
FNDA:60,(anonymous_1)
DA:1,1
DA:3,1
DA:5,1
DA:6,1
DA:9,1
DA:10,60
DA:13,1
LF:7
LH:7
BRF:0
BRH:0
end_of_record
TN:
SF:helpers\midtrans.js
FN:18,(anonymous_0)
FN:54,(anonymous_1)
FN:86,oo_cm
FNF:3
FNH:3
FNDA:1,(anonymous_0)
FNDA:1,(anonymous_1)
FNDA:2,oo_cm
DA:1,1
DA:4,1
DA:11,1
DA:18,1
DA:19,1
DA:21,1
DA:41,1
DA:42,1
DA:43,0
DA:48,1
DA:49,1
DA:54,1
DA:55,1
DA:56,1
DA:57,0
DA:58,0
DA:59,0
DA:61,0
DA:64,0
DA:71,1
DA:72,1
DA:76,1
DA:86,2
LF:23
LH:17
BRDA:30,0,0,1
BRDA:30,0,1,0
BRDA:32,1,0,1
BRDA:32,1,1,0
BRDA:86,2,0,2
BRDA:86,2,1,0
BRF:6
BRH:3
end_of_record
TN:
SF:middlewares\authentication.js
FN:4,authentication
FNF:1
FNH:1
FNDA:63,authentication
DA:1,1
DA:2,1
DA:5,63
DA:7,63
DA:9,63
DA:10,3
DA:14,60
DA:15,60
DA:16,0
DA:20,60
DA:21,56
DA:22,0
DA:26,56
DA:27,56
DA:28,0
DA:32,56
DA:38,56
DA:40,7
DA:44,1
LF:19
LH:16
BRDA:9,0,0,3
BRDA:9,0,1,60
BRDA:15,1,0,0
BRDA:15,1,1,60
BRDA:21,2,0,0
BRDA:21,2,1,56
BRDA:27,3,0,0
BRDA:27,3,1,56
BRF:8
BRH:5
end_of_record
TN:
SF:middlewares\authorization.js
FN:1,adminAuthorization
FNF:1
FNH:1
FNDA:30,adminAuthorization
DA:2,30
DA:3,30
DA:4,3
DA:6,27
DA:8,3
DA:12,1
LF:6
LH:6
BRDA:3,0,0,3
BRDA:3,0,1,27
BRF:2
BRH:2
end_of_record
TN:
SF:middlewares\errorHandler.js
FN:1,errorHandler
FN:10,(anonymous_1)
FN:47,oo_cm
FNF:3
FNH:3
FNDA:49,errorHandler
FNDA:15,(anonymous_1)
FNDA:49,oo_cm
DA:2,49
DA:4,49
DA:5,49
DA:7,49
DA:9,7
DA:10,15
DA:11,7
DA:13,0
DA:14,0
DA:15,0
DA:17,2
DA:18,2
DA:19,2
DA:21,5
DA:22,5
DA:23,5
DA:25,3
DA:26,3
DA:27,3
DA:29,8
DA:30,8
DA:31,8
DA:34,24
DA:37,49
DA:40,1
DA:47,49
LF:26
LH:23
BRDA:7,0,0,7
BRDA:7,0,1,0
BRDA:7,0,2,2
BRDA:7,0,3,5
BRDA:7,0,4,3
BRDA:7,0,5,8
BRDA:7,0,6,24
BRDA:18,1,0,2
BRDA:18,1,1,0
BRDA:22,2,0,5
BRDA:22,2,1,0
BRDA:26,3,0,3
BRDA:26,3,1,0
BRDA:30,4,0,8
BRDA:30,4,1,0
BRDA:47,5,0,49
BRDA:47,5,1,0
BRF:17
BRH:11
end_of_record
TN:
SF:models\cart.js
FN:3,(anonymous_0)
FN:5,(anonymous_1)
FNF:2
FNH:2
FNDA:1,(anonymous_0)
FNDA:1,(anonymous_1)
DA:2,1
DA:3,1
DA:7,1
DA:9,1
DA:12,1
DA:28,1
LF:6
LH:6
BRF:0
BRH:0
end_of_record
TN:
SF:models\category.js
FN:3,(anonymous_0)
FN:5,(anonymous_1)
FNF:2
FNH:2
FNDA:1,(anonymous_0)
FNDA:1,(anonymous_1)
DA:2,1
DA:3,1
DA:7,1
DA:12,1
DA:41,1
LF:5
LH:5
BRF:0
BRH:0
end_of_record
TN:
SF:models\index.js
FN:21,(anonymous_0)
FN:29,(anonymous_1)
FN:34,(anonymous_2)
FNF:3
FNH:3
FNDA:7,(anonymous_0)
FNDA:6,(anonymous_1)
FNDA:6,(anonymous_2)
DA:3,1
DA:4,1
DA:5,1
DA:6,1
DA:7,1
DA:8,1
DA:9,1
DA:10,1
DA:13,1
DA:14,0
DA:16,1
DA:19,1
DA:22,7
DA:30,6
DA:31,6
DA:34,1
DA:35,6
DA:36,6
DA:40,1
DA:41,1
DA:43,1
LF:21
LH:20
BRDA:8,0,0,1
BRDA:8,0,1,0
BRDA:13,1,0,0
BRDA:13,1,1,1
BRDA:23,2,0,7
BRDA:23,2,1,7
BRDA:23,2,2,6
BRDA:23,2,3,6
BRDA:35,3,0,6
BRDA:35,3,1,0
BRF:10
BRH:7
end_of_record
TN:
SF:models\lecture.js
FN:3,(anonymous_0)
FN:5,(anonymous_1)
FNF:2
FNH:2
FNDA:1,(anonymous_0)
FNDA:1,(anonymous_1)
DA:2,1
DA:3,1
DA:6,1
DA:10,1
DA:11,1
DA:14,1
DA:15,1
DA:22,1
DA:110,1
LF:9
LH:9
BRF:0
BRH:0
end_of_record
TN:
SF:models\transaction.js
FN:3,(anonymous_0)
FN:5,(anonymous_1)
FN:73,(anonymous_2)
FNF:3
FNH:3
FNDA:1,(anonymous_0)
FNDA:1,(anonymous_1)
FNDA:3,(anonymous_2)
DA:2,1
DA:3,1
DA:6,1
DA:7,1
DA:12,1
DA:19,1
DA:73,1
DA:74,3
DA:76,0
DA:77,0
DA:78,0
DA:79,0
DA:82,1
LF:13
LH:9
BRDA:74,0,0,0
BRDA:74,0,1,3
BRF:2
BRH:1
end_of_record
TN:
SF:models\transactiondetail.js
FN:4,(anonymous_0)
FN:6,(anonymous_1)
FNF:2
FNH:2
FNDA:1,(anonymous_0)
FNDA:1,(anonymous_1)
DA:2,1
DA:4,1
DA:8,1
DA:9,1
DA:13,1
DA:50,1
LF:6
LH:6
BRF:0
BRH:0
end_of_record
TN:
SF:models\user.js
FN:4,(anonymous_0)
FN:6,(anonymous_1)
FN:74,(anonymous_2)
FNF:3
FNH:3
FNDA:1,(anonymous_0)
FNDA:1,(anonymous_1)
FNDA:2,(anonymous_2)
DA:2,1
DA:3,1
DA:4,1
DA:7,1
DA:8,1
DA:11,1
DA:14,1
DA:74,1
DA:76,2
DA:78,1
LF:10
LH:10
BRF:0
BRH:0
end_of_record
TN:
SF:routes\adminRoutes.js
FNF:0
FNH:0
DA:1,1
DA:2,1
DA:3,1
DA:4,1
DA:5,1
DA:6,1
DA:7,1
DA:8,1
DA:11,1
DA:12,1
DA:15,1
DA:16,1
DA:17,1
DA:18,1
DA:19,1
DA:22,1
DA:23,1
DA:24,1
DA:25,1
DA:28,1
DA:29,1
DA:30,1
DA:31,1
DA:34,1
DA:35,1
DA:36,1
DA:37,1
DA:39,1
LF:28
LH:28
BRF:0
BRH:0
end_of_record
TN:
SF:routes\cartRoutes.js
FNF:0
FNH:0
DA:1,1
DA:2,1
DA:3,1
DA:4,1
DA:7,1
DA:8,1
DA:9,1
DA:10,1
DA:13,1
LF:9
LH:9
BRF:0
BRH:0
end_of_record
TN:
SF:routes\categoryRoutes.js
FNF:0
FNH:0
DA:1,1
DA:2,1
DA:3,1
DA:4,1
DA:5,1
DA:8,1
DA:9,1
DA:12,1
DA:13,1
DA:14,1
DA:15,1
DA:16,1
DA:18,1
LF:13
LH:13
BRF:0
BRH:0
end_of_record
TN:
SF:routes\chatbotRoutes.js
FNF:0
FNH:0
DA:1,1
DA:2,1
DA:3,1
DA:6,1
DA:8,1
LF:5
LH:5
BRF:0
BRH:0
end_of_record
TN:
SF:routes\index.js
FNF:0
FNH:0
DA:1,1
DA:2,1
DA:3,1
DA:4,1
DA:5,1
DA:6,1
DA:7,1
DA:8,1
DA:9,1
DA:10,1
DA:11,1
DA:14,1
DA:17,1
DA:18,1
DA:19,1
DA:20,1
DA:21,1
DA:22,1
DA:23,1
DA:24,1
DA:26,1
LF:21
LH:21
BRF:0
BRH:0
end_of_record
TN:
SF:routes\lectureRoutes.js
FNF:0
FNH:0
DA:1,1
DA:2,1
DA:3,1
DA:4,1
DA:5,1
DA:8,1
DA:9,1
DA:12,1
DA:13,1
DA:14,1
DA:15,1
DA:16,1
DA:18,1
LF:13
LH:13
BRF:0
BRH:0
end_of_record
TN:
SF:routes\paymentRoutes.js
FNF:0
FNH:0
DA:1,1
DA:2,1
DA:3,1
DA:4,1
DA:7,1
DA:10,1
DA:13,1
DA:15,1
LF:8
LH:8
BRF:0
BRH:0
end_of_record
TN:
SF:routes\publicRoutes.js
FNF:0
FNH:0
DA:1,1
DA:2,1
DA:3,1
DA:6,1
DA:7,1
DA:10,1
DA:11,1
DA:14,1
DA:16,1
LF:9
LH:9
BRF:0
BRH:0
end_of_record
TN:
SF:routes\transactionRoutes.js
FNF:0
FNH:0
DA:1,1
DA:2,1
DA:3,1
DA:4,1
DA:5,1
DA:8,1
DA:11,1
DA:12,1
DA:13,1
DA:16,1
DA:17,1
DA:19,1
LF:12
LH:12
BRF:0
BRH:0
end_of_record
TN:
SF:routes\userRoutes.js
FNF:0
FNH:0
DA:1,1
DA:2,1
DA:3,1
DA:4,1
DA:6,1
DA:7,1
DA:8,1
DA:11,1
DA:12,1
DA:14,1
LF:10
LH:10
BRF:0
BRH:0
end_of_record
